#
# A fatal error has been detected by the Java Runtime Environment:
#
#  EXCEPTION_ACCESS_VIOLATION (0xc0000005) at pc=0x000001c48b6a9384, pid=29504, tid=9540
#
# JRE version: Java(TM) SE Runtime Environment (21.0.1+12) (build 21.0.1+12-LTS-29)
# Java VM: Java HotSpot(TM) 64-Bit Server VM (21.0.1+12-LTS-29, mixed mode, emulated-client, sharing, tiered, compressed oops, compressed class ptrs, g1 gc, windows-amd64)
# Problematic frame:
# v  ~BufferBlob::MethodHandles adapters 0x000001c48b6a9384
#
# No core dump will be written. Minidumps are not enabled by default on client versions of Windows
#
# If you would like to submit a bug report, please visit:
#   https://bugreport.java.com/bugreport/crash.jsp
#

---------------  S U M M A R Y ------------

Command Line: -XX:+ShowCodeDetailsInExceptionMessages -agentlib:jdwp=transport=dt_socket,suspend=y,address=localhost:57477 -Dcom.sun.management.jmxremote -Dcom.sun.management.jmxremote.port=49397 -Dcom.sun.management.jmxremote.authenticate=false -Dcom.sun.management.jmxremote.ssl=false -Djava.rmi.server.hostname=localhost -Dspring.jmx.enabled=true -Dmanagement.endpoints.jmx.exposure.include=* -Dspring.application.admin.enabled=true -XX:TieredStopAtLevel=1 -Dspring.boot.project.name=ClickShop -javaagent:C:\Users\ASUS\eclipse\jee-2023-12\eclipse\configuration\org.eclipse.osgi\1799\0\.cp\lib\javaagent-shaded.jar -Dfile.encoding=UTF-8 -Dstdout.encoding=UTF-8 -Dstderr.encoding=UTF-8 com.dan.app.ClickShopApplication --spring.output.ansi.enabled=always

Host: Intel(R) Core(TM) i5-1035G1 CPU @ 1.00GHz, 8 cores, 7G,  Windows 11 , 64 bit Build 26100 (10.0.26100.7019)
Time: Sat Nov 22 22:45:55 2025 India Standard Time elapsed time: 34262.896637 seconds (0d 9h 31m 2s)

---------------  T H R E A D  ---------------

Current thread (0x000001c4da96e830):  JavaThread "http-nio-8000-exec-2" daemon [_thread_in_Java, id=9540, stack(0x0000002960200000,0x0000002960300000) (1024K)]

Stack: [0x0000002960200000,0x0000002960300000],  sp=0x00000029602fc098,  free space=1008k
Native frames: (J=compiled Java code, j=interpreted, Vv=VM code, C=native code)
C  0x000001c48b6a9384

The last pc belongs to _linkToVirtual (printed below).

siginfo: EXCEPTION_ACCESS_VIOLATION (0xc0000005), reading address 0x000001c52a72b352


Registers:
RAX=0x000001c48b65958b, RBX=0x00000000868570c8, RCX=0x00000029602fc0a0, RDX=0x0000000000000002
RSP=0x00000029602fc098, RBP=0x00000029602fc0e8, RSI=0x000001c4da3d24b8, RDI=0x000001c4da262180
R8 =0x0000000000000004, R9 =0x0000000000000004, R10=0x000001c52a72b142, R11=0x0000000000000009
R12=0x0000000000000000, R13=0x00000029602fc098, R14=0x00000029602fc108, R15=0x000001c4da96e830
RIP=0x000001c48b6a9384, EFLAGS=0x0000000000010206


Register to memory mapping:

RAX=0x000001c48b65958b is at code_begin+4363 in an Interpreter codelet
return entry points  [0x000001c48b658480, 0x000001c48b65a298]  7704 bytes
RBX=0x00000000868570c8 is an oop: com.dan.app.controller.DoctorController 
{0x00000000868570c8} - klass: 'com/dan/app/controller/DoctorController'
 - ---- fields (total size 2 words):
 - 'doctorService' 'Lcom/dan/app/service/DoctorService;' @12  a 'com/dan/app/service/DoctorService'{0x0000000086856fc8} (0x86856fc8)
RCX=0x00000029602fc0a0 is pointing into the stack for thread: 0x000001c4da96e830
RDX=0x0000000000000002 is an unknown value
RSP=0x00000029602fc098 is pointing into the stack for thread: 0x000001c4da96e830
RBP=0x00000029602fc0e8 is pointing into the stack for thread: 0x000001c4da96e830
RSI=0x000001c4da3d24b8 points into unknown readable memory: 0x8c000b2f0b1d3564 | 64 35 1d 0b 2f 0b 00 8c
RDI=0x000001c4da262180 points into unknown readable memory: 0x0000001800000060 | 60 00 00 00 18 00 00 00
R8 =0x0000000000000004 is an unknown value
R9 =0x0000000000000004 is an unknown value
R10=0x000001c52a72b142 is an unknown value
R11=0x0000000000000009 is an unknown value
R12=0x0 is null
R13=0x00000029602fc098 is pointing into the stack for thread: 0x000001c4da96e830
R14=0x00000029602fc108 is pointing into the stack for thread: 0x000001c4da96e830
R15=0x000001c4da96e830 is a thread

Top of Stack: (sp=0x00000029602fc098)
0x00000029602fc098:   000001c48b65958b 00000029602fc0a0
0x00000029602fc0a8:   000001c49572b142 0000000000000004
0x00000029602fc0b8:   000001c4950b2020 0000000084501398
0x00000029602fc0c8:   0000000084515ae0 000001c4950b4b70
0x00000029602fc0d8:   00000029602fc098 00000029602fc110
0x00000029602fc0e8:   00000029602fc418 000001c48c516730
0x00000029602fc0f8:   0000000087a2b410 00000000868570c8
0x00000029602fc108:   0000000087a2b578 0000000087a2a090
0x00000029602fc118:   0000000087a2adc8 0000000086871c20
0x00000029602fc128:   0000000087a2b748 00000000868570c8
0x00000029602fc138:   0000000087a2b6f8 0000000087a2b578
0x00000029602fc148:   00000000868570c8 000001c48c51666c
0x00000029602fc158:   000001c48bbe8a97 00000029602fc418
0x00000029602fc168:   000001c48bfee05a 0000000086871c20
0x00000029602fc178:   0000000087a2b770 0000000087a2b748
0x00000029602fc188:   000001c400000001 0000000086871c20
0x00000029602fc198:   00000000851ce2e8 00000000868f0a28
0x00000029602fc1a8:   00007ffbf6afb6bf 00000029602fc418
0x00000029602fc1b8:   000001c48b987cec 0000000000000000
0x00000029602fc1c8:   0000000087a2abb8 00000029602fc418
0x00000029602fc1d8:   000001c48c30746c 0000000000000000
0x00000029602fc1e8:   0000000000000000 0000000000000000
0x00000029602fc1f8:   0000000000000000 0000000000000000
0x00000029602fc208:   0000000000000000 0000000000000000
0x00000029602fc218:   0000000000000000 0000000087a2b770
0x00000029602fc228:   0000000085740970 00000000868570c8
0x00000029602fc238:   0000000084514fb0 000000008687d580
0x00000029602fc248:   0000000000000000 0000000000000000
0x00000029602fc258:   0000000087a2b770 00000029602fc418
0x00000029602fc268:   000001c48c3033fe 000000008687d580
0x00000029602fc278:   0000000000000000 0000000087a2b748
0x00000029602fc288:   000001c48b984f5c 0000000000000000 

Instructions: (pc=0x000001c48b6a9384)
0x000001c48b6a9284:   00 00 00 00 01 00 00 00 00 00 00 00 70 2f e5 f6
0x000001c48b6a9294:   fb 7f 00 00 00 93 6a 8b c4 01 00 00 80 a3 6a 8b
0x000001c48b6a92a4:   c4 01 00 00 00 93 6a 8b c4 01 00 00 80 a3 6a 8b
0x000001c48b6a92b4:   c4 01 00 00 f0 92 6a 8b c4 01 00 00 f0 92 6a 8b
0x000001c48b6a92c4:   c4 01 00 00 00 00 00 00 00 00 00 00 08 30 e5 f6
0x000001c48b6a92d4:   fb 7f 00 00 f0 10 00 00 60 00 00 00 ff ff ff ff
0x000001c48b6a92e4:   f0 10 00 00 00 00 00 00 00 00 00 00 00 00 00 00
0x000001c48b6a92f4:   00 00 00 00 00 00 00 00 00 00 00 00 f4 66 66 66
0x000001c48b6a9304:   0f 1f 84 00 00 00 00 00 66 66 66 90 66 66 66 0f
0x000001c48b6a9314:   1f 84 00 00 00 00 00 66 66 66 90 90 48 8b 53 08
0x000001c48b6a9324:   0f b7 52 2e 48 8b 0c d4 8b 59 14 8b 5b 28 8b 5b
0x000001c48b6a9334:   24 48 8b 5b 10 48 85 db 0f 84 10 00 00 00 41 80
0x000001c48b6a9344:   bf e0 05 00 00 00 74 03 ff 63 38 ff 63 50 e9 a9
0x000001c48b6a9354:   f6 ff ff 66 0f 1f 84 00 00 00 00 00 48 8b 53 08
0x000001c48b6a9364:   0f b7 52 2e 48 8b 0c d4 58 5b 50 44 8b 51 08 49
0x000001c48b6a9374:   bb 00 00 00 95 c4 01 00 00 4d 03 d3 4c 8b 5b 10
0x000001c48b6a9384:   4b 8b 9c da c8 01 00 00 48 85 db 0f 84 10 00 00
0x000001c48b6a9394:   00 41 80 bf e0 05 00 00 00 74 03 ff 63 38 ff 63
0x000001c48b6a93a4:   50 e9 56 f6 ff ff 66 66 66 0f 1f 84 00 00 00 00
0x000001c48b6a93b4:   00 66 66 66 90 0f 1f 80 00 00 00 00 58 5b 50 8b
0x000001c48b6a93c4:   5b 24 48 8b 5b 10 48 85 db 0f 84 10 00 00 00 41
0x000001c48b6a93d4:   80 bf e0 05 00 00 00 74 03 ff 63 38 ff 63 50 e9
0x000001c48b6a93e4:   18 f6 ff ff 66 66 66 0f 1f 84 00 00 00 00 00 66
0x000001c48b6a93f4:   66 66 90 66 0f 1f 84 00 00 00 00 00 48 8b 53 08
0x000001c48b6a9404:   0f b7 52 2e 48 8b 0c d4 58 5b 50 48 3b 01 8b 5b
0x000001c48b6a9414:   24 48 8b 5b 10 48 85 db 0f 84 10 00 00 00 41 80
0x000001c48b6a9424:   bf e0 05 00 00 00 74 03 ff 63 38 ff 63 50 e9 c9
0x000001c48b6a9434:   f5 ff ff 66 0f 1f 84 00 00 00 00 00 48 8b 53 08
0x000001c48b6a9444:   0f b7 52 2e 48 8b 0c d4 58 5b 50 44 8b 51 08 49
0x000001c48b6a9454:   bb 00 00 00 95 c4 01 00 00 4d 03 d3 8b 43 18 48
0x000001c48b6a9464:   8b 40 10 48 8b 5b 10 45 8b 9a a0 00 00 00 4f 8d
0x000001c48b6a9474:   9c da c8 01 00 00 4d 8d 14 da 49 8b 1b 48 3b c3 


Stack slot to memory mapping:

stack at sp + 0 slots: 0x000001c48b65958b is at code_begin+4363 in an Interpreter codelet
return entry points  [0x000001c48b658480, 0x000001c48b65a298]  7704 bytes
stack at sp + 1 slots: 0x00000029602fc0a0 is pointing into the stack for thread: 0x000001c4da96e830
stack at sp + 2 slots: 0x000001c49572b142 is pointing into metadata
stack at sp + 3 slots: 0x0000000000000004 is an unknown value
stack at sp + 4 slots: 0x000001c4950b2020 is pointing into metadata
stack at sp + 5 slots: 0x0000000084501398 is an oop: jdk.internal.misc.Unsafe 
{0x0000000084501398} - klass: 'jdk/internal/misc/Unsafe'
 - ---- fields (total size 2 words):
stack at sp + 6 slots: 0x0000000084515ae0 is an oop: java.lang.Class 
{0x0000000084515ae0} - klass: 'java/lang/Class'
 - ---- fields (total size 14 words):
 - private volatile transient 'classRedefinedCount' 'I' @12  0 (0x00000000)
 - injected 'klass' 'J' @16  1943825751024 (0x000001c4950b1bf0)
 - injected 'array_klass' 'J' @24  0 (0x0000000000000000)
 - injected 'oop_size' 'I' @32  14 (0x0000000e)
 - injected 'static_oop_field_count' 'I' @36  0 (0x00000000)
 - private volatile transient 'cachedConstructor' 'Ljava/lang/reflect/Constructor;' @40  null (0x00000000)
 - private transient 'name' 'Ljava/lang/String;' @44  null (0x00000000)
 - private transient 'module' 'Ljava/lang/Module;' @48  a 'java/lang/Module'{0x0000000084521508} (0x84521508)
 - private final 'classLoader' 'Ljava/lang/ClassLoader;' @52  null (0x00000000)
 - private transient 'classData' 'Ljava/lang/Object;' @56  null (0x00000000)
 - private transient 'packageName' 'Ljava/lang/String;' @60  null (0x00000000)
 - private final 'componentType' 'Ljava/lang/Class;' @64  null (0x00000000)
 - private volatile transient 'reflectionData' 'Ljava/lang/ref/SoftReference;' @68  null (0x00000000)
 - private volatile transient 'genericInfo' 'Lsun/reflect/generics/repository/ClassRepository;' @72  null (0x00000000)
 - private volatile transient 'enumConstants' '[Ljava/lang/Object;' @76  null (0x00000000)
 - private volatile transient 'enumConstantDirectory' 'Ljava/util/Map;' @80  null (0x00000000)
 - private volatile transient 'annotationData' 'Ljava/lang/Class$AnnotationData;' @84  null (0x00000000)
 - private volatile transient 'annotationType' 'Lsun/reflect/annotation/AnnotationType;' @88  null (0x00000000)
 - transient 'classValueMap' 'Ljava/lang/ClassValue$ClassValueMap;' @92  null (0x00000000)
 - injected 'protection_domain' 'Ljava/lang/Object;' @96  null (0x00000000)
 - injected 'signers_name' 'Ljava/lang/Object;' @100  null (0x00000000)
 - injected 'source_file' 'Ljava/lang/Object;' @104  null (0x00000000)
 - signature: Ljava/lang/invoke/DirectMethodHandle$Holder;
 - ---- static fields (0):
stack at sp + 7 slots: {method} {0x000001c4950b4b78} 'invokeVirtual' '(Ljava/lang/Object;Ljava/lang/Object;)Ljava/lang/Object;' in 'java/lang/invoke/DirectMethodHandle$Holder'

MethodHandle::interpreter_entry::_linkToVirtual [0x000001c48b6a9357, 0x000001c48b6a93aa] (83 bytes)
[MachCode]
  0x000001c48b6a9357: 660f 1f84 | 0000 0000 | 0048 8b53 | 080f b752 | 2e48 8b0c | d458 5b50 | 448b 5108 | 49bb 0000 
  0x000001c48b6a9377: 0095 c401 | 0000 4d03 | d34c 8b5b | 104b 8b9c | dac8 0100 | 0048 85db | 0f84 1000 | 0000 4180 
  0x000001c48b6a9397: bfe0 0500 | 0000 7403 | ff63 38ff | 6350 e956 | 
[/MachCode]

---------------  P R O C E S S  ---------------

Threads class SMR info:
_java_thread_list=0x000001c4dd763c30, length=38, elements={
0x000001c4940a20a0, 0x000001c4940a2710, 0x000001c4940a7bd0, 0x000001c4940a8720,
0x000001c4940a8d90, 0x000001c4940b5190, 0x000001c4940ba870, 0x000001c4942c95c0,
0x000001c49433a5f0, 0x000001c494342020, 0x000001c4943426a0, 0x000001c4942c7b80,
0x000001c4942c8f30, 0x000001c4942c88a0, 0x000001c4942c9c50, 0x000001c4942c8210,
0x000001c4da96f550, 0x000001c4da973d80, 0x000001c4dd53ab70, 0x000001c4dd53bf20,
0x000001c4dd53d2d0, 0x000001c4da96e1a0, 0x000001c4da970270, 0x000001c4da970900,
0x000001c4da970f90, 0x000001c4da971620, 0x000001c4da971cb0, 0x000001c4da96e830,
0x000001c4da974aa0, 0x000001c4da973060, 0x000001c4da974410, 0x000001c4da972340,
0x000001c4da9729d0, 0x000001c4da9736f0, 0x000001c4dd539e50, 0x000001c4dd53b200,
0x000001c4dd53b890, 0x000001c4dd53c5b0
}

Java Threads: ( => current thread )
  0x000001c4940a20a0 JavaThread "Reference Handler"          daemon [_thread_blocked, id=26412, stack(0x000000295e000000,0x000000295e100000) (1024K)]
  0x000001c4940a2710 JavaThread "Finalizer"                  daemon [_thread_blocked, id=14424, stack(0x000000295e100000,0x000000295e200000) (1024K)]
  0x000001c4940a7bd0 JavaThread "Signal Dispatcher"          daemon [_thread_blocked, id=29816, stack(0x000000295e200000,0x000000295e300000) (1024K)]
  0x000001c4940a8720 JavaThread "Attach Listener"            daemon [_thread_blocked, id=22936, stack(0x000000295e300000,0x000000295e400000) (1024K)]
  0x000001c4940a8d90 JavaThread "Service Thread"             daemon [_thread_blocked, id=11772, stack(0x000000295e400000,0x000000295e500000) (1024K)]
  0x000001c4940b5190 JavaThread "Monitor Deflation Thread"   daemon [_thread_blocked, id=5216, stack(0x000000295e500000,0x000000295e600000) (1024K)]
  0x000001c4940ba870 JavaThread "C1 CompilerThread0"         daemon [_thread_blocked, id=19996, stack(0x000000295e600000,0x000000295e700000) (1024K)]
  0x000001c4942c95c0 JavaThread "Common-Cleaner"             daemon [_thread_blocked, id=19620, stack(0x000000295e700000,0x000000295e800000) (1024K)]
  0x000001c49433a5f0 JavaThread "JDWP Transport Listener: dt_socket" daemon [_thread_blocked, id=7440, stack(0x000000295e900000,0x000000295ea00000) (1024K)]
  0x000001c494342020 JavaThread "JDWP Event Helper Thread"   daemon [_thread_blocked, id=14116, stack(0x000000295ea00000,0x000000295eb00000) (1024K)]
  0x000001c4943426a0 JavaThread "JDWP Command Reader"        daemon [_thread_in_native, id=5040, stack(0x000000295eb00000,0x000000295ec00000) (1024K)]
  0x000001c4942c7b80 JavaThread "Notification Thread"        daemon [_thread_blocked, id=9920, stack(0x000000295ec00000,0x000000295ed00000) (1024K)]
  0x000001c4942c8f30 JavaThread "RMI TCP Accept-0"           daemon [_thread_in_native, id=19188, stack(0x000000295ee00000,0x000000295ef00000) (1024K)]
  0x000001c4942c88a0 JavaThread "RMI TCP Accept-49397"       daemon [_thread_in_native, id=25852, stack(0x000000295ef00000,0x000000295f000000) (1024K)]
  0x000001c4942c9c50 JavaThread "RMI Scheduler(0)"           daemon [_thread_blocked, id=26604, stack(0x000000295f100000,0x000000295f200000) (1024K)]
  0x000001c4942c8210 JavaThread "RMI TCP Accept-0"           daemon [_thread_in_native, id=15112, stack(0x000000295fb00000,0x000000295fc00000) (1024K)]
  0x000001c4da96f550 JavaThread "mysql-cj-abandoned-connection-cleanup" daemon [_thread_blocked, id=10680, stack(0x0000002960300000,0x0000002960400000) (1024K)]
  0x000001c4da973d80 JavaThread "Live Reload Server"         daemon [_thread_in_native, id=15648, stack(0x0000002960900000,0x0000002960a00000) (1024K)]
  0x000001c4dd53ab70 JavaThread "DestroyJavaVM"                     [_thread_blocked, id=17048, stack(0x000000295d800000,0x000000295d900000) (1024K)]
  0x000001c4dd53bf20 JavaThread "RMI TCP Connection(213)-127.0.0.1" daemon [_thread_in_native, id=24500, stack(0x000000295d500000,0x000000295d600000) (1024K)]
  0x000001c4dd53d2d0 JavaThread "JMX server connection timeout 212" daemon [_thread_blocked, id=6272, stack(0x000000295d700000,0x000000295d800000) (1024K)]
  0x000001c4da96e1a0 JavaThread "Catalina-utility-1"                [_thread_blocked, id=27696, stack(0x000000295f000000,0x000000295f100000) (1024K)]
  0x000001c4da970270 JavaThread "Catalina-utility-2"                [_thread_blocked, id=21844, stack(0x000000295f200000,0x000000295f300000) (1024K)]
  0x000001c4da970900 JavaThread "container-0"                       [_thread_blocked, id=28252, stack(0x000000295fa00000,0x000000295fb00000) (1024K)]
  0x000001c4da970f90 JavaThread "HikariPool-9:housekeeper"   daemon [_thread_blocked, id=29020, stack(0x000000295fc00000,0x000000295fd00000) (1024K)]
  0x000001c4da971620 JavaThread "File Watcher"               daemon [_thread_blocked, id=3160, stack(0x000000295ff00000,0x0000002960000000) (1024K)]
  0x000001c4da971cb0 JavaThread "http-nio-8000-exec-1"       daemon [_thread_blocked, id=7468, stack(0x0000002960100000,0x0000002960200000) (1024K)]
=>0x000001c4da96e830 JavaThread "http-nio-8000-exec-2"       daemon [_thread_in_Java, id=9540, stack(0x0000002960200000,0x0000002960300000) (1024K)]
  0x000001c4da974aa0 JavaThread "http-nio-8000-exec-3"       daemon [_thread_blocked, id=24908, stack(0x0000002960400000,0x0000002960500000) (1024K)]
  0x000001c4da973060 JavaThread "http-nio-8000-exec-4"       daemon [_thread_blocked, id=6284, stack(0x0000002960500000,0x0000002960600000) (1024K)]
  0x000001c4da974410 JavaThread "http-nio-8000-exec-5"       daemon [_thread_blocked, id=9980, stack(0x0000002960600000,0x0000002960700000) (1024K)]
  0x000001c4da972340 JavaThread "http-nio-8000-exec-6"       daemon [_thread_blocked, id=19436, stack(0x0000002960700000,0x0000002960800000) (1024K)]
  0x000001c4da9729d0 JavaThread "http-nio-8000-exec-7"       daemon [_thread_blocked, id=2864, stack(0x0000002960800000,0x0000002960900000) (1024K)]
  0x000001c4da9736f0 JavaThread "http-nio-8000-exec-8"       daemon [_thread_blocked, id=21048, stack(0x0000002960a00000,0x0000002960b00000) (1024K)]
  0x000001c4dd539e50 JavaThread "http-nio-8000-exec-9"       daemon [_thread_blocked, id=20548, stack(0x0000002960b00000,0x0000002960c00000) (1024K)]
  0x000001c4dd53b200 JavaThread "http-nio-8000-exec-10"      daemon [_thread_blocked, id=28920, stack(0x0000002960c00000,0x0000002960d00000) (1024K)]
  0x000001c4dd53b890 JavaThread "http-nio-8000-Poller"       daemon [_thread_in_native, id=27108, stack(0x0000002960d00000,0x0000002960e00000) (1024K)]
  0x000001c4dd53c5b0 JavaThread "http-nio-8000-Acceptor"     daemon [_thread_in_native, id=15688, stack(0x0000002960e00000,0x0000002960f00000) (1024K)]
Total: 38

Other Threads:
  0x000001c4817b6ac0 VMThread "VM Thread"                           [id=22080, stack(0x000000295df00000,0x000000295e000000) (1024K)]
  0x000001c494068a50 WatcherThread "VM Periodic Task Thread"        [id=4972, stack(0x000000295de00000,0x000000295df00000) (1024K)]
  0x000001c4817b6720 WorkerThread "GC Thread#0"                     [id=25828, stack(0x000000295d900000,0x000000295da00000) (1024K)]
  0x000001c4817b5c40 WorkerThread "GC Thread#1"                     [id=28328, stack(0x000000295f300000,0x000000295f400000) (1024K)]
  0x000001c4da452090 WorkerThread "GC Thread#2"                     [id=19932, stack(0x000000295f400000,0x000000295f500000) (1024K)]
  0x000001c4da44edd0 WorkerThread "GC Thread#3"                     [id=7988, stack(0x000000295f500000,0x000000295f600000) (1024K)]
  0x000001c4da451950 WorkerThread "GC Thread#4"                     [id=26132, stack(0x000000295f600000,0x000000295f700000) (1024K)]
  0x000001c4da4515b0 WorkerThread "GC Thread#5"                     [id=15280, stack(0x000000295f700000,0x000000295f800000) (1024K)]
  0x000001c4da451cf0 WorkerThread "GC Thread#6"                     [id=30648, stack(0x000000295f800000,0x000000295f900000) (1024K)]
  0x000001c4da450390 WorkerThread "GC Thread#7"                     [id=5712, stack(0x000000295f900000,0x000000295fa00000) (1024K)]
  0x000001c481a50750 ConcurrentGCThread "G1 Main Marker"            [id=27144, stack(0x000000295da00000,0x000000295db00000) (1024K)]
  0x000001c4817b7200 WorkerThread "G1 Conc#0"                       [id=22908, stack(0x000000295db00000,0x000000295dc00000) (1024K)]
  0x000001c4da44f510 WorkerThread "G1 Conc#1"                       [id=23828, stack(0x0000002960000000,0x0000002960100000) (1024K)]
  0x000001c493f39520 ConcurrentGCThread "G1 Refine#0"               [id=21652, stack(0x000000295dc00000,0x000000295dd00000) (1024K)]
  0x000001c493f3d970 ConcurrentGCThread "G1 Service"                [id=16420, stack(0x000000295dd00000,0x000000295de00000) (1024K)]
Total: 15

Threads with active compile tasks:
Total: 0

VM state: not at safepoint (normal execution)

VM Mutex/Monitor currently owned by a thread: None

Heap address: 0x0000000084000000, size: 1984 MB, Compressed Oops mode: 32-bit

CDS archive(s) mapped at: [0x000001c495000000-0x000001c495c90000-0x000001c495c90000), size 13172736, SharedBaseAddress: 0x000001c495000000, ArchiveRelocationMode: 1.
Compressed class space mapped at: 0x000001c496000000-0x000001c4d6000000, reserved size: 1073741824
Narrow klass base: 0x000001c495000000, Narrow klass shift: 0, Narrow klass range: 0x100000000

GC Precious Log:
 CardTable entry size: 512
 Card Set container configuration: InlinePtr #cards 5 size 8 Array Of Cards #cards 12 size 40 Howl #buckets 4 coarsen threshold 1843 Howl Bitmap #cards 512 size 80 coarsen threshold 460 Card regions per heap region 1 cards per card region 2048
 CPUs: 8 total, 8 available
 Memory: 7930M
 Large Page Support: Disabled
 NUMA Support: Disabled
 Compressed Oops: Enabled (32-bit)
 Heap Region Size: 1M
 Heap Min Capacity: 8M
 Heap Initial Capacity: 124M
 Heap Max Capacity: 1984M
 Pre-touch: Disabled
 Parallel Workers: 8
 Concurrent Workers: 2
 Concurrent Refinement Workers: 8
 Periodic GC: Disabled

Heap:
 garbage-first heap   total 92160K, used 66341K [0x0000000084000000, 0x0000000100000000)
  region size 1024K, 38 young (38912K), 5 survivors (5120K)
 Metaspace       used 81141K, committed 81920K, reserved 1179648K
  class space    used 11334K, committed 11712K, reserved 1048576K

Heap Regions: E=young(eden), S=young(survivor), O=old, HS=humongous(starts), HC=humongous(continues), CS=collection set, F=free, TAMS=top-at-mark-start, PB=parsable bottom
|   0|0x0000000084000000, 0x0000000084100000, 0x0000000084100000|100%|HS|  |TAMS 0x0000000084000000| PB 0x0000000084000000| Complete 
|   1|0x0000000084100000, 0x0000000084200000, 0x0000000084200000|100%|HS|  |TAMS 0x0000000084100000| PB 0x0000000084100000| Complete 
|   2|0x0000000084200000, 0x0000000084300000, 0x0000000084300000|100%| O|  |TAMS 0x0000000084200000| PB 0x0000000084200000| Untracked 
|   3|0x0000000084300000, 0x00000000843fffd0, 0x0000000084400000| 99%| O|  |TAMS 0x0000000084300000| PB 0x0000000084300000| Untracked 
|   4|0x0000000084400000, 0x00000000844ffff8, 0x0000000084500000| 99%| O|  |TAMS 0x0000000084400000| PB 0x0000000084400000| Untracked 
|   5|0x0000000084500000, 0x00000000845fffa8, 0x0000000084600000| 99%| O|  |TAMS 0x0000000084500000| PB 0x0000000084500000| Untracked 
|   6|0x0000000084600000, 0x00000000846fffc0, 0x0000000084700000| 99%| O|  |TAMS 0x0000000084600000| PB 0x0000000084600000| Untracked 
|   7|0x0000000084700000, 0x00000000847fffe8, 0x0000000084800000| 99%| O|  |TAMS 0x0000000084700000| PB 0x0000000084700000| Untracked 
|   8|0x0000000084800000, 0x0000000084900000, 0x0000000084900000|100%| O|  |TAMS 0x0000000084800000| PB 0x0000000084800000| Untracked 
|   9|0x0000000084900000, 0x00000000849fffb0, 0x0000000084a00000| 99%| O|  |TAMS 0x0000000084900000| PB 0x0000000084900000| Untracked 
|  10|0x0000000084a00000, 0x0000000084b00000, 0x0000000084b00000|100%| O|  |TAMS 0x0000000084a00000| PB 0x0000000084a00000| Untracked 
|  11|0x0000000084b00000, 0x0000000084bffff0, 0x0000000084c00000| 99%| O|  |TAMS 0x0000000084b00000| PB 0x0000000084b00000| Untracked 
|  12|0x0000000084c00000, 0x0000000084cffff0, 0x0000000084d00000| 99%| O|  |TAMS 0x0000000084c00000| PB 0x0000000084c00000| Untracked 
|  13|0x0000000084d00000, 0x0000000084dffff8, 0x0000000084e00000| 99%| O|  |TAMS 0x0000000084d00000| PB 0x0000000084d00000| Untracked 
|  14|0x0000000084e00000, 0x0000000084eff550, 0x0000000084f00000| 99%| O|  |TAMS 0x0000000084e00000| PB 0x0000000084e00000| Untracked 
|  15|0x0000000084f00000, 0x0000000084ffffe8, 0x0000000085000000| 99%| O|  |TAMS 0x0000000084f00000| PB 0x0000000084f00000| Untracked 
|  16|0x0000000085000000, 0x00000000850fffe8, 0x0000000085100000| 99%| O|  |TAMS 0x0000000085000000| PB 0x0000000085000000| Untracked 
|  17|0x0000000085100000, 0x00000000851fffd8, 0x0000000085200000| 99%| O|  |TAMS 0x0000000085100000| PB 0x0000000085100000| Untracked 
|  18|0x0000000085200000, 0x00000000852ffff8, 0x0000000085300000| 99%| O|  |TAMS 0x0000000085200000| PB 0x0000000085200000| Untracked 
|  19|0x0000000085300000, 0x00000000853ffff8, 0x0000000085400000| 99%| O|  |TAMS 0x0000000085300000| PB 0x0000000085300000| Untracked 
|  20|0x0000000085400000, 0x00000000854fffe0, 0x0000000085500000| 99%| O|  |TAMS 0x0000000085400000| PB 0x0000000085400000| Untracked 
|  21|0x0000000085500000, 0x00000000855fffd8, 0x0000000085600000| 99%| O|  |TAMS 0x0000000085500000| PB 0x0000000085500000| Untracked 
|  22|0x0000000085600000, 0x00000000856ffff0, 0x0000000085700000| 99%| O|  |TAMS 0x0000000085600000| PB 0x0000000085600000| Untracked 
|  23|0x0000000085700000, 0x00000000857ffff8, 0x0000000085800000| 99%| O|  |TAMS 0x0000000085700000| PB 0x0000000085700000| Untracked 
|  24|0x0000000085800000, 0x00000000858ffff0, 0x0000000085900000| 99%| O|  |TAMS 0x0000000085800000| PB 0x0000000085800000| Untracked 
|  25|0x0000000085900000, 0x00000000859b7798, 0x0000000085a00000| 71%| O|  |TAMS 0x0000000085900000| PB 0x0000000085900000| Untracked 
|  26|0x0000000085a00000, 0x0000000085aedf40, 0x0000000085b00000| 92%| O|  |TAMS 0x0000000085a00000| PB 0x0000000085a00000| Untracked 
|  27|0x0000000085b00000, 0x0000000085b84520, 0x0000000085c00000| 51%| O|Cm|TAMS 0x0000000085b00000| PB 0x0000000085b00000| Complete 
|  28|0x0000000085c00000, 0x0000000085cf78a0, 0x0000000085d00000| 96%| O|  |TAMS 0x0000000085c00000| PB 0x0000000085c00000| Untracked 
|  29|0x0000000085d00000, 0x0000000085dc5ca8, 0x0000000085e00000| 77%| O|  |TAMS 0x0000000085d00000| PB 0x0000000085d00000| Untracked 
|  30|0x0000000085e00000, 0x0000000085e00000, 0x0000000085f00000|  0%| F|  |TAMS 0x0000000085e00000| PB 0x0000000085e00000| Untracked 
|  31|0x0000000085f00000, 0x0000000085f00000, 0x0000000086000000|  0%| F|  |TAMS 0x0000000085f00000| PB 0x0000000085f00000| Untracked 
|  32|0x0000000086000000, 0x0000000086000000, 0x0000000086100000|  0%| F|  |TAMS 0x0000000086000000| PB 0x0000000086000000| Untracked 
|  33|0x0000000086100000, 0x0000000086100000, 0x0000000086200000|  0%| F|  |TAMS 0x0000000086100000| PB 0x0000000086100000| Untracked 
|  34|0x0000000086200000, 0x0000000086200000, 0x0000000086300000|  0%| F|  |TAMS 0x0000000086200000| PB 0x0000000086200000| Untracked 
|  35|0x0000000086300000, 0x0000000086300000, 0x0000000086400000|  0%| F|  |TAMS 0x0000000086300000| PB 0x0000000086300000| Untracked 
|  36|0x0000000086400000, 0x00000000864e3040, 0x0000000086500000| 88%| S|CS|TAMS 0x0000000086400000| PB 0x0000000086400000| Complete 
|  37|0x0000000086500000, 0x0000000086600000, 0x0000000086600000|100%| S|CS|TAMS 0x0000000086500000| PB 0x0000000086500000| Complete 
|  38|0x0000000086600000, 0x0000000086700000, 0x0000000086700000|100%| S|CS|TAMS 0x0000000086600000| PB 0x0000000086600000| Complete 
|  39|0x0000000086700000, 0x0000000086800000, 0x0000000086800000|100%| S|CS|TAMS 0x0000000086700000| PB 0x0000000086700000| Complete 
|  40|0x0000000086800000, 0x0000000086900000, 0x0000000086900000|100%| S|CS|TAMS 0x0000000086800000| PB 0x0000000086800000| Complete 
|  41|0x0000000086900000, 0x0000000086900000, 0x0000000086a00000|  0%| F|  |TAMS 0x0000000086900000| PB 0x0000000086900000| Untracked 
|  42|0x0000000086a00000, 0x0000000086a00000, 0x0000000086b00000|  0%| F|  |TAMS 0x0000000086a00000| PB 0x0000000086a00000| Untracked 
|  43|0x0000000086b00000, 0x0000000086b00000, 0x0000000086c00000|  0%| F|  |TAMS 0x0000000086b00000| PB 0x0000000086b00000| Untracked 
|  44|0x0000000086c00000, 0x0000000086c00000, 0x0000000086d00000|  0%| F|  |TAMS 0x0000000086c00000| PB 0x0000000086c00000| Untracked 
|  45|0x0000000086d00000, 0x0000000086d00000, 0x0000000086e00000|  0%| F|  |TAMS 0x0000000086d00000| PB 0x0000000086d00000| Untracked 
|  46|0x0000000086e00000, 0x0000000086e00000, 0x0000000086f00000|  0%| F|  |TAMS 0x0000000086e00000| PB 0x0000000086e00000| Untracked 
|  47|0x0000000086f00000, 0x0000000086f00000, 0x0000000087000000|  0%| F|  |TAMS 0x0000000086f00000| PB 0x0000000086f00000| Untracked 
|  48|0x0000000087000000, 0x0000000087000000, 0x0000000087100000|  0%| F|  |TAMS 0x0000000087000000| PB 0x0000000087000000| Untracked 
|  49|0x0000000087100000, 0x0000000087100000, 0x0000000087200000|  0%| F|  |TAMS 0x0000000087100000| PB 0x0000000087100000| Untracked 
|  50|0x0000000087200000, 0x0000000087200000, 0x0000000087300000|  0%| F|  |TAMS 0x0000000087200000| PB 0x0000000087200000| Untracked 
|  51|0x0000000087300000, 0x0000000087300000, 0x0000000087400000|  0%| F|  |TAMS 0x0000000087300000| PB 0x0000000087300000| Untracked 
|  52|0x0000000087400000, 0x0000000087400000, 0x0000000087500000|  0%| F|  |TAMS 0x0000000087400000| PB 0x0000000087400000| Untracked 
|  53|0x0000000087500000, 0x0000000087500000, 0x0000000087600000|  0%| F|  |TAMS 0x0000000087500000| PB 0x0000000087500000| Untracked 
|  54|0x0000000087600000, 0x0000000087600000, 0x0000000087700000|  0%| F|  |TAMS 0x0000000087600000| PB 0x0000000087600000| Untracked 
|  55|0x0000000087700000, 0x0000000087700000, 0x0000000087800000|  0%| F|  |TAMS 0x0000000087700000| PB 0x0000000087700000| Untracked 
|  56|0x0000000087800000, 0x0000000087800000, 0x0000000087900000|  0%| F|  |TAMS 0x0000000087800000| PB 0x0000000087800000| Untracked 
|  57|0x0000000087900000, 0x000000008792b318, 0x0000000087a00000| 16%| E|  |TAMS 0x0000000087900000| PB 0x0000000087900000| Complete 
|  58|0x0000000087a00000, 0x0000000087b00000, 0x0000000087b00000|100%| E|CS|TAMS 0x0000000087a00000| PB 0x0000000087a00000| Complete 
|  59|0x0000000087b00000, 0x0000000087c00000, 0x0000000087c00000|100%| E|CS|TAMS 0x0000000087b00000| PB 0x0000000087b00000| Complete 
|  60|0x0000000087c00000, 0x0000000087d00000, 0x0000000087d00000|100%| E|CS|TAMS 0x0000000087c00000| PB 0x0000000087c00000| Complete 
|  61|0x0000000087d00000, 0x0000000087e00000, 0x0000000087e00000|100%| E|CS|TAMS 0x0000000087d00000| PB 0x0000000087d00000| Complete 
|  62|0x0000000087e00000, 0x0000000087f00000, 0x0000000087f00000|100%| E|CS|TAMS 0x0000000087e00000| PB 0x0000000087e00000| Complete 
|  63|0x0000000087f00000, 0x0000000088000000, 0x0000000088000000|100%| E|CS|TAMS 0x0000000087f00000| PB 0x0000000087f00000| Complete 
|  64|0x0000000088000000, 0x0000000088100000, 0x0000000088100000|100%| E|  |TAMS 0x0000000088000000| PB 0x0000000088000000| Complete 
|  65|0x0000000088100000, 0x0000000088200000, 0x0000000088200000|100%| E|CS|TAMS 0x0000000088100000| PB 0x0000000088100000| Complete 
|  66|0x0000000088200000, 0x0000000088300000, 0x0000000088300000|100%| E|CS|TAMS 0x0000000088200000| PB 0x0000000088200000| Complete 
|  67|0x0000000088300000, 0x0000000088400000, 0x0000000088400000|100%| E|CS|TAMS 0x0000000088300000| PB 0x0000000088300000| Complete 
|  68|0x0000000088400000, 0x0000000088500000, 0x0000000088500000|100%| E|CS|TAMS 0x0000000088400000| PB 0x0000000088400000| Complete 
|  69|0x0000000088500000, 0x0000000088600000, 0x0000000088600000|100%| E|CS|TAMS 0x0000000088500000| PB 0x0000000088500000| Complete 
|  70|0x0000000088600000, 0x0000000088700000, 0x0000000088700000|100%| E|CS|TAMS 0x0000000088600000| PB 0x0000000088600000| Complete 
|  71|0x0000000088700000, 0x0000000088800000, 0x0000000088800000|100%| E|CS|TAMS 0x0000000088700000| PB 0x0000000088700000| Complete 
|  72|0x0000000088800000, 0x0000000088900000, 0x0000000088900000|100%| E|CS|TAMS 0x0000000088800000| PB 0x0000000088800000| Complete 
|  73|0x0000000088900000, 0x0000000088a00000, 0x0000000088a00000|100%| E|CS|TAMS 0x0000000088900000| PB 0x0000000088900000| Complete 
|  74|0x0000000088a00000, 0x0000000088b00000, 0x0000000088b00000|100%| E|CS|TAMS 0x0000000088a00000| PB 0x0000000088a00000| Complete 
|  75|0x0000000088b00000, 0x0000000088c00000, 0x0000000088c00000|100%| E|CS|TAMS 0x0000000088b00000| PB 0x0000000088b00000| Complete 
|  76|0x0000000088c00000, 0x0000000088d00000, 0x0000000088d00000|100%| E|CS|TAMS 0x0000000088c00000| PB 0x0000000088c00000| Complete 
|  77|0x0000000088d00000, 0x0000000088e00000, 0x0000000088e00000|100%| E|CS|TAMS 0x0000000088d00000| PB 0x0000000088d00000| Complete 
|  78|0x0000000088e00000, 0x0000000088f00000, 0x0000000088f00000|100%| E|CS|TAMS 0x0000000088e00000| PB 0x0000000088e00000| Complete 
|  79|0x0000000088f00000, 0x0000000089000000, 0x0000000089000000|100%| E|CS|TAMS 0x0000000088f00000| PB 0x0000000088f00000| Complete 
|  80|0x0000000089000000, 0x0000000089100000, 0x0000000089100000|100%| E|CS|TAMS 0x0000000089000000| PB 0x0000000089000000| Complete 
|  81|0x0000000089100000, 0x0000000089200000, 0x0000000089200000|100%| E|CS|TAMS 0x0000000089100000| PB 0x0000000089100000| Complete 
|  82|0x0000000089200000, 0x0000000089300000, 0x0000000089300000|100%| E|CS|TAMS 0x0000000089200000| PB 0x0000000089200000| Complete 
|  83|0x0000000089300000, 0x0000000089400000, 0x0000000089400000|100%| E|CS|TAMS 0x0000000089300000| PB 0x0000000089300000| Complete 
|  84|0x0000000089400000, 0x0000000089500000, 0x0000000089500000|100%| E|CS|TAMS 0x0000000089400000| PB 0x0000000089400000| Complete 
|  85|0x0000000089500000, 0x0000000089600000, 0x0000000089600000|100%| E|CS|TAMS 0x0000000089500000| PB 0x0000000089500000| Complete 
|  86|0x0000000089600000, 0x0000000089700000, 0x0000000089700000|100%| E|CS|TAMS 0x0000000089600000| PB 0x0000000089600000| Complete 
|  87|0x0000000089700000, 0x0000000089800000, 0x0000000089800000|100%| E|CS|TAMS 0x0000000089700000| PB 0x0000000089700000| Complete 
|  88|0x0000000089800000, 0x0000000089900000, 0x0000000089900000|100%| E|CS|TAMS 0x0000000089800000| PB 0x0000000089800000| Complete 
|  89|0x0000000089900000, 0x0000000089a00000, 0x0000000089a00000|100%| E|CS|TAMS 0x0000000089900000| PB 0x0000000089900000| Complete 

Card table byte_map: [0x000001c48f310000,0x000001c48f6f0000] _byte_map_base: 0x000001c48eef0000

Marking Bits: (CMBitMap*) 0x000001c481a3fe60
 Bits: [0x000001c48f6f0000, 0x000001c4915f0000)

Polling page: 0x000001c481aa0000

Metaspace:

Usage:
  Non-class:     68.17 MB used.
      Class:     11.07 MB used.
       Both:     79.24 MB used.

Virtual space:
  Non-class space:      128.00 MB reserved,      68.56 MB ( 54%) committed,  2 nodes.
      Class space:        1.00 GB reserved,      11.44 MB (  1%) committed,  1 nodes.
             Both:        1.12 GB reserved,      80.00 MB (  7%) committed. 

Chunk freelists:
   Non-Class:  10.61 MB
       Class:  4.61 MB
        Both:  15.22 MB

MaxMetaspaceSize: unlimited
CompressedClassSpaceSize: 1.00 GB
Initial GC threshold: 21.00 MB
Current GC threshold: 133.25 MB
CDS: on
 - commit_granule_bytes: 65536.
 - commit_granule_words: 8192.
 - virtual_space_node_default_size: 8388608.
 - enlarge_chunks_in_place: 1.
 - use_allocation_guard: 0.


Internal statistics:

num_allocs_failed_limit: 6.
num_arena_births: 2066.
num_arena_deaths: 1140.
num_vsnodes_births: 3.
num_vsnodes_deaths: 0.
num_space_committed: 1279.
num_space_uncommitted: 0.
num_chunks_returned_to_freelist: 1333.
num_chunks_taken_from_freelist: 5437.
num_chunk_merges: 250.
num_chunk_splits: 3305.
num_chunks_enlarged: 2546.
num_inconsistent_stats: 0.

CodeCache: size=49152Kb used=17290Kb max_used=18395Kb free=31861Kb
 bounds [0x000001c48b650000, 0x000001c48c8b0000, 0x000001c48e650000]
 total_blobs=9009 nmethods=8266 adapters=665
 compilation: enabled
              stopped_count=0, restarted_count=0
 full_count=0

Compilation events (20 events):
Event: 34244.083 Thread 0x000001c4940ba870 11548       1       org.apache.catalina.connector.Request::getServletPath (11 bytes)
Event: 34244.083 Thread 0x000001c4940ba870 nmethod 11548 0x000001c48c445190 code [0x000001c48c445340, 0x000001c48c445438]
Event: 34244.083 Thread 0x000001c4940ba870 11549       1       org.apache.catalina.connector.RequestFacade::getPathInfo (12 bytes)
Event: 34244.083 Thread 0x000001c4940ba870 nmethod 11549 0x000001c48c444c10 code [0x000001c48c444de0, 0x000001c48c444fe0]
Event: 34244.083 Thread 0x000001c4940ba870 11550       1       org.apache.catalina.connector.Request::getPathInfo (11 bytes)
Event: 34244.083 Thread 0x000001c4940ba870 nmethod 11550 0x000001c48c444890 code [0x000001c48c444a40, 0x000001c48c444b38]
Event: 34244.083 Thread 0x000001c4940ba870 11551       1       org.springframework.web.util.pattern.PathElement::isNoMorePattern (13 bytes)
Event: 34244.083 Thread 0x000001c4940ba870 nmethod 11551 0x000001c48c444590 code [0x000001c48c444720, 0x000001c48c444800]
Event: 34244.083 Thread 0x000001c4940ba870 11553       1       org.apache.tomcat.util.buf.MessageBytes::toStringType (69 bytes)
Event: 34244.084 Thread 0x000001c4940ba870 nmethod 11553 0x000001c48c443d90 code [0x000001c48c443f80, 0x000001c48c4443a8]
Event: 34244.084 Thread 0x000001c4940ba870 11554       1       org.apache.tomcat.util.buf.AbstractChunk::<init> (20 bytes)
Event: 34244.084 Thread 0x000001c4940ba870 nmethod 11554 0x000001c48c443a90 code [0x000001c48c443c20, 0x000001c48c443cf8]
Event: 34244.084 Thread 0x000001c4940ba870 11555       1       org.apache.tomcat.util.http.MimeHeaderField::getName (5 bytes)
Event: 34244.084 Thread 0x000001c4940ba870 nmethod 11555 0x000001c48c443790 code [0x000001c48c443920, 0x000001c48c4439e8]
Event: 34244.084 Thread 0x000001c4940ba870 11552       1       org.springframework.web.servlet.mvc.condition.ConsumesRequestCondition::getContent (5 bytes)
Event: 34244.084 Thread 0x000001c4940ba870 nmethod 11552 0x000001c48c443490 code [0x000001c48c443620, 0x000001c48c4436e8]
Event: 34244.084 Thread 0x000001c4940ba870 11556       1       org.hibernate.internal.FastSessionServices::getEventManager (5 bytes)
Event: 34244.085 Thread 0x000001c4940ba870 nmethod 11556 0x000001c48c443190 code [0x000001c48c443320, 0x000001c48c4433f0]
Event: 34256.538 Thread 0x000001c4940ba870 11557       1       java.lang.Long::equals (30 bytes)
Event: 34256.538 Thread 0x000001c4940ba870 nmethod 11557 0x000001c48c442d90 code [0x000001c48c442f40, 0x000001c48c4430e8]

GC Heap History (20 events):
Event: 16855.204 GC heap before
{Heap before GC invocations=42 (full 5):
 garbage-first heap   total 92160K, used 76919K [0x0000000084000000, 0x0000000100000000)
  region size 1024K, 51 young (52224K), 7 survivors (7168K)
 Metaspace       used 79882K, committed 80640K, reserved 1179648K
  class space    used 11210K, committed 11584K, reserved 1048576K
}
Event: 16855.266 GC heap after
{Heap after GC invocations=43 (full 5):
 garbage-first heap   total 92160K, used 34406K [0x0000000084000000, 0x0000000100000000)
  region size 1024K, 4 young (4096K), 4 survivors (4096K)
 Metaspace       used 79882K, committed 80640K, reserved 1179648K
  class space    used 11210K, committed 11584K, reserved 1048576K
}
Event: 18382.392 GC heap before
{Heap before GC invocations=43 (full 5):
 garbage-first heap   total 92160K, used 78438K [0x0000000084000000, 0x0000000100000000)
  region size 1024K, 47 young (48128K), 4 survivors (4096K)
 Metaspace       used 79886K, committed 80640K, reserved 1179648K
  class space    used 11211K, committed 11584K, reserved 1048576K
}
Event: 18382.424 GC heap after
{Heap after GC invocations=44 (full 5):
 garbage-first heap   total 92160K, used 34711K [0x0000000084000000, 0x0000000100000000)
  region size 1024K, 3 young (3072K), 3 survivors (3072K)
 Metaspace       used 79886K, committed 80640K, reserved 1179648K
  class space    used 11211K, committed 11584K, reserved 1048576K
}
Event: 21430.061 GC heap before
{Heap before GC invocations=44 (full 5):
 garbage-first heap   total 92160K, used 81815K [0x0000000084000000, 0x0000000100000000)
  region size 1024K, 49 young (50176K), 3 survivors (3072K)
 Metaspace       used 79895K, committed 80640K, reserved 1179648K
  class space    used 11214K, committed 11584K, reserved 1048576K
}
Event: 21430.100 GC heap after
{Heap after GC invocations=45 (full 5):
 garbage-first heap   total 92160K, used 35373K [0x0000000084000000, 0x0000000100000000)
  region size 1024K, 4 young (4096K), 4 survivors (4096K)
 Metaspace       used 79895K, committed 80640K, reserved 1179648K
  class space    used 11214K, committed 11584K, reserved 1048576K
}
Event: 29589.458 GC heap before
{Heap before GC invocations=46 (full 5):
 garbage-first heap   total 92160K, used 81453K [0x0000000084000000, 0x0000000100000000)
  region size 1024K, 49 young (50176K), 4 survivors (4096K)
 Metaspace       used 79731K, committed 80640K, reserved 1179648K
  class space    used 11171K, committed 11584K, reserved 1048576K
}
Event: 29589.558 GC heap after
{Heap after GC invocations=47 (full 5):
 garbage-first heap   total 92160K, used 33896K [0x0000000084000000, 0x0000000100000000)
  region size 1024K, 3 young (3072K), 3 survivors (3072K)
 Metaspace       used 79731K, committed 80640K, reserved 1179648K
  class space    used 11171K, committed 11584K, reserved 1048576K
}
Event: 30969.124 GC heap before
{Heap before GC invocations=47 (full 5):
 garbage-first heap   total 92160K, used 62568K [0x0000000084000000, 0x0000000100000000)
  region size 1024K, 33 young (33792K), 3 survivors (3072K)
 Metaspace       used 80324K, committed 81024K, reserved 1179648K
  class space    used 11255K, committed 11584K, reserved 1048576K
}
Event: 30969.216 GC heap after
{Heap after GC invocations=48 (full 6):
 garbage-first heap   total 92160K, used 26911K [0x0000000084000000, 0x0000000100000000)
  region size 1024K, 0 young (0K), 0 survivors (0K)
 Metaspace       used 80282K, committed 81024K, reserved 1179648K
  class space    used 11244K, committed 11584K, reserved 1048576K
}
Event: 30970.733 GC heap before
{Heap before GC invocations=48 (full 6):
 garbage-first heap   total 92160K, used 80159K [0x0000000084000000, 0x0000000100000000)
  region size 1024K, 53 young (54272K), 0 survivors (0K)
 Metaspace       used 80589K, committed 81344K, reserved 1179648K
  class space    used 11292K, committed 11648K, reserved 1048576K
}
Event: 30970.762 GC heap after
{Heap after GC invocations=49 (full 6):
 garbage-first heap   total 92160K, used 33510K [0x0000000084000000, 0x0000000100000000)
  region size 1024K, 7 young (7168K), 7 survivors (7168K)
 Metaspace       used 80589K, committed 81344K, reserved 1179648K
  class space    used 11292K, committed 11648K, reserved 1048576K
}
Event: 30978.755 GC heap before
{Heap before GC invocations=50 (full 6):
 garbage-first heap   total 92160K, used 56038K [0x0000000084000000, 0x0000000100000000)
  region size 1024K, 30 young (30720K), 7 survivors (7168K)
 Metaspace       used 80689K, committed 81472K, reserved 1179648K
  class space    used 11308K, committed 11648K, reserved 1048576K
}
Event: 30978.823 GC heap after
{Heap after GC invocations=51 (full 7):
 garbage-first heap   total 92160K, used 29294K [0x0000000084000000, 0x0000000100000000)
  region size 1024K, 0 young (0K), 0 survivors (0K)
 Metaspace       used 80614K, committed 81472K, reserved 1179648K
  class space    used 11289K, committed 11648K, reserved 1048576K
}
Event: 30979.755 GC heap before
{Heap before GC invocations=51 (full 7):
 garbage-first heap   total 92160K, used 78446K [0x0000000084000000, 0x0000000100000000)
  region size 1024K, 49 young (50176K), 0 survivors (0K)
 Metaspace       used 80801K, committed 81600K, reserved 1179648K
  class space    used 11304K, committed 11712K, reserved 1048576K
}
Event: 30979.761 GC heap after
{Heap after GC invocations=52 (full 7):
 garbage-first heap   total 92160K, used 34160K [0x0000000084000000, 0x0000000100000000)
  region size 1024K, 5 young (5120K), 5 survivors (5120K)
 Metaspace       used 80801K, committed 81600K, reserved 1179648K
  class space    used 11304K, committed 11712K, reserved 1048576K
}
Event: 31000.748 GC heap before
{Heap before GC invocations=53 (full 7):
 garbage-first heap   total 92160K, used 54640K [0x0000000084000000, 0x0000000100000000)
  region size 1024K, 26 young (26624K), 5 survivors (5120K)
 Metaspace       used 80871K, committed 81664K, reserved 1179648K
  class space    used 11309K, committed 11712K, reserved 1048576K
}
Event: 31000.809 GC heap after
{Heap after GC invocations=54 (full 8):
 garbage-first heap   total 92160K, used 29593K [0x0000000084000000, 0x0000000100000000)
  region size 1024K, 0 young (0K), 0 survivors (0K)
 Metaspace       used 80868K, committed 81664K, reserved 1179648K
  class space    used 11309K, committed 11712K, reserved 1048576K
}
Event: 31001.477 GC heap before
{Heap before GC invocations=54 (full 8):
 garbage-first heap   total 92160K, used 78745K [0x0000000084000000, 0x0000000100000000)
  region size 1024K, 49 young (50176K), 0 survivors (0K)
 Metaspace       used 81060K, committed 81856K, reserved 1179648K
  class space    used 11328K, committed 11712K, reserved 1048576K
}
Event: 31001.484 GC heap after
{Heap after GC invocations=55 (full 8):
 garbage-first heap   total 92160K, used 34597K [0x0000000084000000, 0x0000000100000000)
  region size 1024K, 5 young (5120K), 5 survivors (5120K)
 Metaspace       used 81060K, committed 81856K, reserved 1179648K
  class space    used 11328K, committed 11712K, reserved 1048576K
}

Dll operation events (12 events):
Event: 0.019 Loaded shared library C:\Program Files\Java\jdk-21\bin\java.dll
Event: 0.444 Loaded shared library C:\Program Files\Java\jdk-21\bin\zip.dll
Event: 0.459 Loaded shared library C:\Program Files\Java\jdk-21\bin\instrument.dll
Event: 0.473 Loaded shared library C:\Program Files\Java\jdk-21\bin\net.dll
Event: 0.479 Loaded shared library C:\Program Files\Java\jdk-21\bin\nio.dll
Event: 0.488 Loaded shared library C:\Program Files\Java\jdk-21\bin\zip.dll
Event: 0.928 Loaded shared library C:\Program Files\Java\jdk-21\bin\jimage.dll
Event: 1.015 Loaded shared library C:\Program Files\Java\jdk-21\bin\management.dll
Event: 1.047 Loaded shared library C:\Program Files\Java\jdk-21\bin\management_ext.dll
Event: 1.441 Loaded shared library C:\Program Files\Java\jdk-21\bin\extnet.dll
Event: 1.489 Loaded shared library C:\Program Files\Java\jdk-21\bin\verify.dll
Event: 3.485 Loaded shared library C:\Program Files\Java\jdk-21\bin\sunmscapi.dll

Deoptimization events (20 events):
Event: 34232.129 Thread 0x000001c4dd539130 DEOPT PACKING pc=0x000001c48c223d74 sp=0x000000295d6fe5e0
Event: 34232.129 Thread 0x000001c4dd539130 DEOPT UNPACKING pc=0x000001c48b6a88e2 sp=0x000000295d6fdab8 mode 1
Event: 34232.130 Thread 0x000001c4dd539130 DEOPT PACKING pc=0x000001c48b97187c sp=0x000000295d6fe700
Event: 34232.130 Thread 0x000001c4dd539130 DEOPT UNPACKING pc=0x000001c48b6a88e2 sp=0x000000295d6fdbb0 mode 1
Event: 34232.132 Thread 0x000001c4dd539130 DEOPT PACKING pc=0x000001c48c1f927c sp=0x000000295d6fe1e0
Event: 34232.133 Thread 0x000001c4dd539130 DEOPT UNPACKING pc=0x000001c48b6a88e2 sp=0x000000295d6fd630 mode 1
Event: 34232.133 Thread 0x000001c4dd539130 DEOPT PACKING pc=0x000001c48c247814 sp=0x000000295d6fe290
Event: 34232.133 Thread 0x000001c4dd539130 DEOPT UNPACKING pc=0x000001c48b6a88e2 sp=0x000000295d6fd748 mode 1
Event: 34232.133 Thread 0x000001c4dd539130 DEOPT PACKING pc=0x000001c48c2260f4 sp=0x000000295d6fe340
Event: 34232.133 Thread 0x000001c4dd539130 DEOPT UNPACKING pc=0x000001c48b6a88e2 sp=0x000000295d6fd880 mode 1
Event: 34232.135 Thread 0x000001c4dd539130 DEOPT PACKING pc=0x000001c48c2274d4 sp=0x000000295d6fe460
Event: 34232.135 Thread 0x000001c4dd539130 DEOPT UNPACKING pc=0x000001c48b6a88e2 sp=0x000000295d6fd9a8 mode 1
Event: 34232.136 Thread 0x000001c4dd539130 DEOPT PACKING pc=0x000001c48c2239b4 sp=0x000000295d6fe580
Event: 34232.136 Thread 0x000001c4dd539130 DEOPT UNPACKING pc=0x000001c48b6a88e2 sp=0x000000295d6fda28 mode 1
Event: 34232.136 Thread 0x000001c4dd539130 DEOPT PACKING pc=0x000001c48c223d74 sp=0x000000295d6fe5e0
Event: 34232.136 Thread 0x000001c4dd539130 DEOPT UNPACKING pc=0x000001c48b6a88e2 sp=0x000000295d6fdab8 mode 1
Event: 34232.136 Thread 0x000001c4dd539130 DEOPT PACKING pc=0x000001c48b97187c sp=0x000000295d6fe700
Event: 34232.136 Thread 0x000001c4dd539130 DEOPT UNPACKING pc=0x000001c48b6a88e2 sp=0x000000295d6fdbb0 mode 1
Event: 34262.635 Thread 0x000001c4da96e830 DEOPT PACKING pc=0x000001c48c61a334 sp=0x00000029602fc0b0
Event: 34262.635 Thread 0x000001c4da96e830 DEOPT UNPACKING pc=0x000001c48b6a88e2 sp=0x00000029602fb558 mode 0

Classes loaded (20 events):
Event: 8257.377 Loading class java/time/format/Parsed
Event: 8257.378 Loading class java/time/format/Parsed done
Event: 8257.435 Loading class java/util/stream/LongStream
Event: 8257.437 Loading class java/util/stream/LongStream done
Event: 8257.437 Loading class java/util/stream/DoubleStream
Event: 8257.438 Loading class java/util/stream/DoubleStream done
Event: 8457.577 Loading class java/util/concurrent/locks/AbstractQueuedSynchronizer$SharedNode
Event: 8457.578 Loading class java/util/concurrent/locks/AbstractQueuedSynchronizer$SharedNode done
Event: 8457.638 Loading class java/util/WeakHashMap$KeyIterator
Event: 8457.639 Loading class java/util/WeakHashMap$KeyIterator done
Event: 8457.710 Loading class java/lang/ref/Finalizer$2
Event: 8457.711 Loading class java/lang/ref/Finalizer$2 done
Event: 8457.711 Loading class java/lang/ref/Finalizer$1
Event: 8457.712 Loading class java/lang/ref/Finalizer$1 done
Event: 8459.305 Loading class java/time/DurationEditor
Event: 8459.305 Loading class java/time/DurationEditor done
Event: 15971.288 Loading class java/time/DurationEditor
Event: 15971.290 Loading class java/time/DurationEditor done
Event: 30970.893 Loading class java/time/DurationEditor
Event: 30970.895 Loading class java/time/DurationEditor done

Classes unloaded (20 events):
Event: 30978.773 Thread 0x000001c4817b6ac0 Unloading class 0x000001c496b37400 'java/lang/invoke/LambdaForm$MH+0x000001c496b37400'
Event: 30978.773 Thread 0x000001c4817b6ac0 Unloading class 0x000001c496b36800 'java/lang/invoke/LambdaForm$MH+0x000001c496b36800'
Event: 30978.773 Thread 0x000001c4817b6ac0 Unloading class 0x000001c496b36400 'java/lang/invoke/LambdaForm$MH+0x000001c496b36400'
Event: 30978.773 Thread 0x000001c4817b6ac0 Unloading class 0x000001c496b35000 'java/lang/invoke/LambdaForm$MH+0x000001c496b35000'
Event: 30978.773 Thread 0x000001c4817b6ac0 Unloading class 0x000001c496b34400 'java/lang/invoke/LambdaForm$MH+0x000001c496b34400'
Event: 30978.773 Thread 0x000001c4817b6ac0 Unloading class 0x000001c496491000 'java/lang/invoke/LambdaForm$MH+0x000001c496491000'
Event: 30978.773 Thread 0x000001c4817b6ac0 Unloading class 0x000001c4961a0800 'java/lang/invoke/LambdaForm$MH+0x000001c4961a0800'
Event: 30978.773 Thread 0x000001c4817b6ac0 Unloading class 0x000001c496aff800 'org/apache/catalina/loader/JdbcLeakPrevention'
Event: 30978.773 Thread 0x000001c4817b6ac0 Unloading class 0x000001c49650d000 'java/lang/invoke/LambdaForm$MH+0x000001c49650d000'
Event: 30978.773 Thread 0x000001c4817b6ac0 Unloading class 0x000001c4969c4800 'java/lang/invoke/LambdaForm$MH+0x000001c4969c4800'
Event: 30978.773 Thread 0x000001c4817b6ac0 Unloading class 0x000001c4961f8c00 'java/lang/invoke/LambdaForm$MH+0x000001c4961f8c00'
Event: 30978.773 Thread 0x000001c4817b6ac0 Unloading class 0x000001c4964dc800 'java/lang/invoke/LambdaForm$MH+0x000001c4964dc800'
Event: 30978.773 Thread 0x000001c4817b6ac0 Unloading class 0x000001c4964f1800 'java/lang/invoke/LambdaForm$MH+0x000001c4964f1800'
Event: 30978.773 Thread 0x000001c4817b6ac0 Unloading class 0x000001c4969d8800 'java/lang/invoke/LambdaForm$MH+0x000001c4969d8800'
Event: 30978.773 Thread 0x000001c4817b6ac0 Unloading class 0x000001c4964d5000 'java/lang/invoke/LambdaForm$MH+0x000001c4964d5000'
Event: 30978.773 Thread 0x000001c4817b6ac0 Unloading class 0x000001c49698c400 'java/lang/invoke/LambdaForm$MH+0x000001c49698c400'
Event: 30978.773 Thread 0x000001c4817b6ac0 Unloading class 0x000001c49643c800 'java/lang/invoke/LambdaForm$MH+0x000001c49643c800'
Event: 30978.773 Thread 0x000001c4817b6ac0 Unloading class 0x000001c496490400 'java/lang/invoke/LambdaForm$MH+0x000001c496490400'
Event: 30978.773 Thread 0x000001c4817b6ac0 Unloading class 0x000001c496140800 'java/lang/invoke/LambdaForm$MH+0x000001c496140800'
Event: 31000.766 Thread 0x000001c4817b6ac0 Unloading class 0x000001c496b5cc00 'org/apache/catalina/loader/JdbcLeakPrevention'

Classes redefined (20 events):
Event: 30977.671 Thread 0x000001c4817b6ac0 redefined class name=com.dan.app.controller.DoctorController, count=2
Event: 30977.671 Thread 0x000001c4817b6ac0 redefined class name=com.dan.app.controller.DoctorController, count=2
Event: 30977.671 Thread 0x000001c4817b6ac0 redefined class name=com.dan.app.controller.DoctorController, count=2
Event: 31000.143 Thread 0x000001c4817b6ac0 redefined class name=com.dan.app.controller.DoctorController, count=3
Event: 31000.143 Thread 0x000001c4817b6ac0 redefined class name=com.dan.app.controller.DoctorController, count=3
Event: 31000.143 Thread 0x000001c4817b6ac0 redefined class name=com.dan.app.controller.DoctorController, count=1
Event: 31000.143 Thread 0x000001c4817b6ac0 redefined class name=com.dan.app.controller.DoctorController, count=2
Event: 31000.143 Thread 0x000001c4817b6ac0 redefined class name=com.dan.app.controller.DoctorController, count=3
Event: 31000.143 Thread 0x000001c4817b6ac0 redefined class name=com.dan.app.controller.DoctorController, count=3
Event: 31000.143 Thread 0x000001c4817b6ac0 redefined class name=com.dan.app.controller.DoctorController, count=3
Event: 31000.143 Thread 0x000001c4817b6ac0 redefined class name=com.dan.app.controller.DoctorController, count=3
Event: 34262.773 Thread 0x000001c4817b6ac0 redefined class name=com.dan.app.controller.DoctorController, count=4
Event: 34262.773 Thread 0x000001c4817b6ac0 redefined class name=com.dan.app.controller.DoctorController, count=4
Event: 34262.773 Thread 0x000001c4817b6ac0 redefined class name=com.dan.app.controller.DoctorController, count=2
Event: 34262.773 Thread 0x000001c4817b6ac0 redefined class name=com.dan.app.controller.DoctorController, count=3
Event: 34262.774 Thread 0x000001c4817b6ac0 redefined class name=com.dan.app.controller.DoctorController, count=1
Event: 34262.774 Thread 0x000001c4817b6ac0 redefined class name=com.dan.app.controller.DoctorController, count=4
Event: 34262.774 Thread 0x000001c4817b6ac0 redefined class name=com.dan.app.controller.DoctorController, count=4
Event: 34262.774 Thread 0x000001c4817b6ac0 redefined class name=com.dan.app.controller.DoctorController, count=4
Event: 34262.774 Thread 0x000001c4817b6ac0 redefined class name=com.dan.app.controller.DoctorController, count=4

Internal exceptions (20 events):
Event: 31001.242 Thread 0x000001c4da96fbe0 Exception <a 'java/io/FileNotFoundException'{0x00000000878e0138}> (0x00000000878e0138) 
thrown [s\open\src\hotspot\share\prims\jni.cpp, line 520]
Event: 31001.278 Thread 0x000001c4da96fbe0 Exception <a 'java/io/FileNotFoundException'{0x00000000876d56a8}> (0x00000000876d56a8) 
thrown [s\open\src\hotspot\share\prims\jni.cpp, line 520]
Event: 31103.073 Thread 0x000001c4dd53bf20 Exception <a 'java/lang/NoSuchMethodError'{0x0000000088461f88}: static [B.<clinit>()V> (0x0000000088461f88) 
thrown [s\open\src\hotspot\share\prims\jni.cpp, line 1106]
Event: 34231.955 Thread 0x000001c4dd539130 Exception <a 'java/io/IOException'{0x0000000087ff74a8}> (0x0000000087ff74a8) 
thrown [s\open\src\hotspot\share\prims\jni.cpp, line 520]
Event: 34231.964 Thread 0x000001c4dd539130 Exception <a 'java/io/IOException'{0x0000000087ff83d0}> (0x0000000087ff83d0) 
thrown [s\open\src\hotspot\share\prims\jni.cpp, line 520]
Event: 34231.971 Thread 0x000001c4dd539130 Exception <a 'java/io/IOException'{0x0000000087ffa878}> (0x0000000087ffa878) 
thrown [s\open\src\hotspot\share\prims\jni.cpp, line 520]
Event: 34232.023 Thread 0x000001c4dd539130 Exception <a 'java/io/IOException'{0x0000000087ffb498}> (0x0000000087ffb498) 
thrown [s\open\src\hotspot\share\prims\jni.cpp, line 520]
Event: 34232.036 Thread 0x000001c4dd539130 Exception <a 'java/io/IOException'{0x0000000087ffd590}> (0x0000000087ffd590) 
thrown [s\open\src\hotspot\share\prims\jni.cpp, line 520]
Event: 34232.039 Thread 0x000001c4dd539130 Exception <a 'java/io/IOException'{0x0000000087ffe1b0}> (0x0000000087ffe1b0) 
thrown [s\open\src\hotspot\share\prims\jni.cpp, line 520]
Event: 34232.056 Thread 0x000001c4dd539130 Exception <a 'java/io/IOException'{0x0000000087e18398}> (0x0000000087e18398) 
thrown [s\open\src\hotspot\share\prims\jni.cpp, line 520]
Event: 34232.072 Thread 0x000001c4dd539130 Exception <a 'java/io/IOException'{0x0000000087e18fb8}> (0x0000000087e18fb8) 
thrown [s\open\src\hotspot\share\prims\jni.cpp, line 520]
Event: 34232.079 Thread 0x000001c4dd539130 Exception <a 'java/io/IOException'{0x0000000087e1b098}> (0x0000000087e1b098) 
thrown [s\open\src\hotspot\share\prims\jni.cpp, line 520]
Event: 34232.085 Thread 0x000001c4dd539130 Exception <a 'java/io/IOException'{0x0000000087e1bcb8}> (0x0000000087e1bcb8) 
thrown [s\open\src\hotspot\share\prims\jni.cpp, line 520]
Event: 34232.096 Thread 0x000001c4dd539130 Exception <a 'java/io/IOException'{0x0000000087e1dd98}> (0x0000000087e1dd98) 
thrown [s\open\src\hotspot\share\prims\jni.cpp, line 520]
Event: 34232.100 Thread 0x000001c4dd539130 Exception <a 'java/io/IOException'{0x0000000087e1e9b8}> (0x0000000087e1e9b8) 
thrown [s\open\src\hotspot\share\prims\jni.cpp, line 520]
Event: 34232.109 Thread 0x000001c4dd539130 Exception <a 'java/io/IOException'{0x0000000087e20ac0}> (0x0000000087e20ac0) 
thrown [s\open\src\hotspot\share\prims\jni.cpp, line 520]
Event: 34232.120 Thread 0x000001c4dd539130 Exception <a 'java/io/IOException'{0x0000000087e22b90}> (0x0000000087e22b90) 
thrown [s\open\src\hotspot\share\prims\jni.cpp, line 520]
Event: 34232.122 Thread 0x000001c4dd539130 Exception <a 'java/io/IOException'{0x0000000087e237b0}> (0x0000000087e237b0) 
thrown [s\open\src\hotspot\share\prims\jni.cpp, line 520]
Event: 34232.127 Thread 0x000001c4dd539130 Exception <a 'java/io/IOException'{0x0000000087e258b8}> (0x0000000087e258b8) 
thrown [s\open\src\hotspot\share\prims\jni.cpp, line 520]
Event: 34232.132 Thread 0x000001c4dd539130 Exception <a 'java/io/IOException'{0x0000000087e279c0}> (0x0000000087e279c0) 
thrown [s\open\src\hotspot\share\prims\jni.cpp, line 520]

ZGC Phase Switch (0 events):
No events

VM Operations (20 events):
Event: 34245.891 Executing VM operation: get/set locals
Event: 34245.891 Executing VM operation: get/set locals done
Event: 34245.896 Executing VM operation: get/set locals
Event: 34245.897 Executing VM operation: get/set locals done
Event: 34245.899 Executing VM operation: get/set locals
Event: 34245.899 Executing VM operation: get/set locals done
Event: 34245.902 Executing VM operation: get/set locals
Event: 34245.902 Executing VM operation: get/set locals done
Event: 34254.068 Executing VM operation: get/set locals
Event: 34254.068 Executing VM operation: get/set locals done
Event: 34254.069 Executing VM operation: get/set locals
Event: 34254.069 Executing VM operation: get/set locals done
Event: 34262.633 Executing VM operation: ChangeSingleStep
Event: 34262.634 Executing VM operation: ChangeSingleStep done
Event: 34262.636 Executing VM operation: ChangeSingleStep
Event: 34262.636 Executing VM operation: ChangeSingleStep done
Event: 34262.678 Executing VM operation: RedefineClasses
Event: 34262.881 Executing VM operation: RedefineClasses done
Event: 34262.883 Executing VM operation: ChangeSingleStep
Event: 34262.883 Executing VM operation: ChangeSingleStep done

Events (20 events):
Event: 31001.742 Thread 0x000001c4da974410 Thread added: 0x000001c4da974410
Event: 31001.742 Thread 0x000001c4da972340 Thread added: 0x000001c4da972340
Event: 31001.742 Thread 0x000001c4da9729d0 Thread added: 0x000001c4da9729d0
Event: 31001.742 Thread 0x000001c4da9736f0 Thread added: 0x000001c4da9736f0
Event: 31001.742 Thread 0x000001c4dd539e50 Thread added: 0x000001c4dd539e50
Event: 31001.743 Thread 0x000001c4dd53b200 Thread added: 0x000001c4dd53b200
Event: 31001.746 Thread 0x000001c4dd53b890 Thread added: 0x000001c4dd53b890
Event: 31001.746 Thread 0x000001c4dd53c5b0 Thread added: 0x000001c4dd53c5b0
Event: 31001.756 Thread 0x000001c4da96fbe0 Thread exited: 0x000001c4da96fbe0
Event: 31001.756 Thread 0x000001c4da96eec0 Thread exited: 0x000001c4da96eec0
Event: 31006.814 Thread 0x000001c4942cd330 Thread exited: 0x000001c4942cd330
Event: 31006.845 Thread 0x000001c4da96db10 Thread exited: 0x000001c4da96db10
Event: 34231.887 Thread 0x000001c4dd539130 Thread added: 0x000001c4dd539130
Event: 34231.969 Thread 0x000001c4dd53cc40 Thread added: 0x000001c4dd53cc40
Event: 34232.346 Thread 0x000001c4942cda00 Thread added: 0x000001c4942cda00
Event: 34232.347 Thread 0x000001c4942cb120 Thread added: 0x000001c4942cb120
Event: 34237.143 Thread 0x000001c4dd539130 Thread exited: 0x000001c4dd539130
Event: 34237.906 Thread 0x000001c4942cb120 Thread exited: 0x000001c4942cb120
Event: 34238.096 Thread 0x000001c4dd53cc40 Thread exited: 0x000001c4dd53cc40
Event: 34242.904 Thread 0x000001c4942cda00 Thread exited: 0x000001c4942cda00


Dynamic libraries:
0x00007ff767030000 - 0x00007ff767040000 	C:\Program Files\Java\jdk-21\bin\javaw.exe
0x00007ffc7f240000 - 0x00007ffc7f4a8000 	C:\WINDOWS\SYSTEM32\ntdll.dll
0x00007ffc7ddb0000 - 0x00007ffc7de79000 	C:\WINDOWS\System32\KERNEL32.DLL
0x00007ffc7c510000 - 0x00007ffc7c908000 	C:\WINDOWS\System32\KERNELBASE.dll
0x00007ffc7c390000 - 0x00007ffc7c4db000 	C:\WINDOWS\System32\ucrtbase.dll
0x00007ffc4d520000 - 0x00007ffc4d53b000 	C:\Program Files\Java\jdk-21\bin\VCRUNTIME140.dll
0x00007ffc4bfb0000 - 0x00007ffc4bfc9000 	C:\Program Files\Java\jdk-21\bin\jli.dll
0x00007ffc7e100000 - 0x00007ffc7e1b4000 	C:\WINDOWS\System32\ADVAPI32.dll
0x00007ffc7dd00000 - 0x00007ffc7dda9000 	C:\WINDOWS\System32\msvcrt.dll
0x00007ffc7f040000 - 0x00007ffc7f0e6000 	C:\WINDOWS\System32\sechost.dll
0x00007ffc7d370000 - 0x00007ffc7d488000 	C:\WINDOWS\System32\RPCRT4.dll
0x00007ffc7eb80000 - 0x00007ffc7ed47000 	C:\WINDOWS\System32\USER32.dll
0x00007ffc7c4e0000 - 0x00007ffc7c507000 	C:\WINDOWS\System32\win32u.dll
0x00007ffc66a00000 - 0x00007ffc66c94000 	C:\WINDOWS\WinSxS\amd64_microsoft.windows.common-controls_6595b64144ccf1df_6.0.26100.7019_none_3e06ffa0e335b8a8\COMCTL32.dll
0x00007ffc7f010000 - 0x00007ffc7f03b000 	C:\WINDOWS\System32\GDI32.dll
0x00007ffc7c9c0000 - 0x00007ffc7caec000 	C:\WINDOWS\System32\gdi32full.dll
0x00007ffc7cd00000 - 0x00007ffc7cda3000 	C:\WINDOWS\System32\msvcp_win.dll
0x00007ffc6d020000 - 0x00007ffc6d02b000 	C:\WINDOWS\SYSTEM32\VERSION.dll
0x00007ffc7d660000 - 0x00007ffc7d691000 	C:\WINDOWS\System32\IMM32.DLL
0x00007ffc79f70000 - 0x00007ffc79f7c000 	C:\Program Files\Java\jdk-21\bin\vcruntime140_1.dll
0x00007ffc486e0000 - 0x00007ffc4876e000 	C:\Program Files\Java\jdk-21\bin\msvcp140.dll
0x00007ffbf64a0000 - 0x00007ffbf71b5000 	C:\Program Files\Java\jdk-21\bin\server\jvm.dll
0x00007ffc7dff0000 - 0x00007ffc7e064000 	C:\WINDOWS\System32\WS2_32.dll
0x00007ffc7c210000 - 0x00007ffc7c26e000 	C:\WINDOWS\SYSTEM32\POWRPROF.dll
0x00007ffc67210000 - 0x00007ffc67245000 	C:\WINDOWS\SYSTEM32\WINMM.dll
0x00007ffc7c1f0000 - 0x00007ffc7c204000 	C:\WINDOWS\SYSTEM32\UMPDC.dll
0x00007ffc7b120000 - 0x00007ffc7b13b000 	C:\WINDOWS\SYSTEM32\kernel.appcore.dll
0x00007ffc79f20000 - 0x00007ffc79f2a000 	C:\Program Files\Java\jdk-21\bin\jimage.dll
0x00007ffc79990000 - 0x00007ffc79bd2000 	C:\WINDOWS\SYSTEM32\DBGHELP.DLL
0x00007ffc7cfe0000 - 0x00007ffc7d36b000 	C:\WINDOWS\System32\combase.dll
0x00007ffc7ef30000 - 0x00007ffc7f007000 	C:\WINDOWS\System32\OLEAUT32.dll
0x00007ffc63cf0000 - 0x00007ffc63d2c000 	C:\WINDOWS\SYSTEM32\dbgcore.DLL
0x00007ffc7c910000 - 0x00007ffc7c9b5000 	C:\WINDOWS\System32\bcryptPrimitives.dll
0x00007ffc586b0000 - 0x00007ffc586ec000 	C:\Program Files\Java\jdk-21\bin\jdwp.dll
0x00007ffc79eb0000 - 0x00007ffc79ebf000 	C:\Program Files\Java\jdk-21\bin\instrument.dll
0x00007ffc4bf90000 - 0x00007ffc4bfaf000 	C:\Program Files\Java\jdk-21\bin\java.dll
0x00007ffc7e3b0000 - 0x00007ffc7eaff000 	C:\WINDOWS\System32\SHELL32.dll
0x00007ffc7cdb0000 - 0x00007ffc7cf1b000 	C:\WINDOWS\System32\wintypes.dll
0x00007ffc79f90000 - 0x00007ffc7a7ed000 	C:\WINDOWS\SYSTEM32\windows.storage.dll
0x00007ffc7f0f0000 - 0x00007ffc7f1e2000 	C:\WINDOWS\System32\SHCORE.dll
0x00007ffc7eb10000 - 0x00007ffc7eb77000 	C:\WINDOWS\System32\shlwapi.dll
0x00007ffc7c2b0000 - 0x00007ffc7c2d9000 	C:\WINDOWS\SYSTEM32\profapi.dll
0x00007ffc79e20000 - 0x00007ffc79e2c000 	C:\Program Files\Java\jdk-21\bin\dt_socket.dll
0x00007ffc7ab00000 - 0x00007ffc7ab34000 	C:\WINDOWS\SYSTEM32\IPHLPAPI.DLL
0x00007ffc7b6c0000 - 0x00007ffc7b72b000 	C:\WINDOWS\system32\mswsock.dll
0x00007ffc7ab90000 - 0x00007ffc7acbc000 	C:\WINDOWS\SYSTEM32\DNSAPI.dll
0x00007ffc7dcf0000 - 0x00007ffc7dcfa000 	C:\WINDOWS\System32\NSI.dll
0x00007ffc73430000 - 0x00007ffc7343b000 	C:\Windows\System32\rasadhlp.dll
0x00007ffc6dc30000 - 0x00007ffc6dcb6000 	C:\WINDOWS\System32\fwpuclnt.dll
0x00007ffc486c0000 - 0x00007ffc486d8000 	C:\Program Files\Java\jdk-21\bin\zip.dll
0x00007ffc79e80000 - 0x00007ffc79e90000 	C:\Program Files\Java\jdk-21\bin\net.dll
0x00007ffc6f2e0000 - 0x00007ffc6f408000 	C:\WINDOWS\SYSTEM32\WINHTTP.dll
0x00007ffc486a0000 - 0x00007ffc486b6000 	C:\Program Files\Java\jdk-21\bin\nio.dll
0x00007ffc16f60000 - 0x00007ffc16f6a000 	C:\Program Files\Java\jdk-21\bin\management.dll
0x00007ffc06940000 - 0x00007ffc0694b000 	C:\Program Files\Java\jdk-21\bin\management_ext.dll
0x00007ffc7f1f0000 - 0x00007ffc7f1f8000 	C:\WINDOWS\System32\PSAPI.DLL
0x00007ffc5d670000 - 0x00007ffc5d688000 	C:\WINDOWS\system32\napinsp.dll
0x00007ffc58640000 - 0x00007ffc58652000 	C:\WINDOWS\System32\winrnr.dll
0x00007ffc585f0000 - 0x00007ffc58612000 	C:\WINDOWS\system32\nlansp_c.dll
0x00007ffc6f2c0000 - 0x00007ffc6f2d6000 	C:\WINDOWS\system32\wshbth.dll
0x00007ffc7b980000 - 0x00007ffc7b99b000 	C:\WINDOWS\SYSTEM32\CRYPTSP.dll
0x00007ffc7b080000 - 0x00007ffc7b0ba000 	C:\WINDOWS\system32\rsaenh.dll
0x00007ffc7b770000 - 0x00007ffc7b79b000 	C:\WINDOWS\SYSTEM32\USERENV.dll
0x00007ffc7c280000 - 0x00007ffc7c2aa000 	C:\WINDOWS\SYSTEM32\bcrypt.dll
0x00007ffc7b9a0000 - 0x00007ffc7b9ac000 	C:\WINDOWS\SYSTEM32\CRYPTBASE.dll
0x00007ffc1e440000 - 0x00007ffc1e447000 	C:\Program Files\Java\jdk-21\bin\extnet.dll
0x00007ffc6f090000 - 0x00007ffc6f0a0000 	C:\Program Files\Java\jdk-21\bin\verify.dll
0x00007ffc69380000 - 0x00007ffc6938e000 	C:\Program Files\Java\jdk-21\bin\sunmscapi.dll
0x00007ffc7caf0000 - 0x00007ffc7cc67000 	C:\WINDOWS\System32\CRYPT32.dll
0x00007ffc7bba0000 - 0x00007ffc7bbd0000 	C:\WINDOWS\SYSTEM32\ncrypt.dll
0x00007ffc7bb50000 - 0x00007ffc7bb8f000 	C:\WINDOWS\SYSTEM32\NTASN1.dll
0x00007ffc66ed0000 - 0x00007ffc66ed8000 	C:\WINDOWS\system32\wshunix.dll

dbghelp: loaded successfully - version: 4.0.5 - missing functions: none
symbol engine: initialized successfully - sym options: 0x614 - pdb path: .;C:\Program Files\Java\jdk-21\bin;C:\WINDOWS\SYSTEM32;C:\WINDOWS\WinSxS\amd64_microsoft.windows.common-controls_6595b64144ccf1df_6.0.26100.7019_none_3e06ffa0e335b8a8;C:\Program Files\Java\jdk-21\bin\server

VM Arguments:
jvm_args: -XX:+ShowCodeDetailsInExceptionMessages -agentlib:jdwp=transport=dt_socket,suspend=y,address=localhost:57477 -Dcom.sun.management.jmxremote -Dcom.sun.management.jmxremote.port=49397 -Dcom.sun.management.jmxremote.authenticate=false -Dcom.sun.management.jmxremote.ssl=false -Djava.rmi.server.hostname=localhost -Dspring.jmx.enabled=true -Dmanagement.endpoints.jmx.exposure.include=* -Dspring.application.admin.enabled=true -XX:TieredStopAtLevel=1 -Dspring.boot.project.name=ClickShop -javaagent:C:\Users\ASUS\eclipse\jee-2023-12\eclipse\configuration\org.eclipse.osgi\1799\0\.cp\lib\javaagent-shaded.jar -Dfile.encoding=UTF-8 -Dstdout.encoding=UTF-8 -Dstderr.encoding=UTF-8 
java_command: com.dan.app.ClickShopApplication --spring.output.ansi.enabled=always
java_class_path (initial): D:\ecllipse\ClickShop\target\classes;C:\Users\ASUS\.m2\repository\org\springframework\boot\spring-boot-starter-data-jpa\3.5.7\spring-boot-starter-data-jpa-3.5.7.jar;C:\Users\ASUS\.m2\repository\org\springframework\boot\spring-boot-starter\3.5.7\spring-boot-starter-3.5.7.jar;C:\Users\ASUS\.m2\repository\org\springframework\boot\spring-boot-starter-logging\3.5.7\spring-boot-starter-logging-3.5.7.jar;C:\Users\ASUS\.m2\repository\ch\qos\logback\logback-classic\1.5.20\logback-classic-1.5.20.jar;C:\Users\ASUS\.m2\repository\ch\qos\logback\logback-core\1.5.20\logback-core-1.5.20.jar;C:\Users\ASUS\.m2\repository\org\apache\logging\log4j\log4j-to-slf4j\2.24.3\log4j-to-slf4j-2.24.3.jar;C:\Users\ASUS\.m2\repository\org\apache\logging\log4j\log4j-api\2.24.3\log4j-api-2.24.3.jar;C:\Users\ASUS\.m2\repository\org\slf4j\jul-to-slf4j\2.0.17\jul-to-slf4j-2.0.17.jar;C:\Users\ASUS\.m2\repository\jakarta\annotation\jakarta.annotation-api\2.1.1\jakarta.annotation-api-2.1.1.jar;C:\Users\ASUS\.m2\repository\org\yaml\snakeyaml\2.4\snakeyaml-2.4.jar;C:\Users\ASUS\.m2\repository\org\springframework\boot\spring-boot-starter-jdbc\3.5.7\spring-boot-starter-jdbc-3.5.7.jar;C:\Users\ASUS\.m2\repository\com\zaxxer\HikariCP\6.3.3\HikariCP-6.3.3.jar;C:\Users\ASUS\.m2\repository\org\springframework\spring-jdbc\6.2.12\spring-jdbc-6.2.12.jar;C:\Users\ASUS\.m2\repository\org\hibernate\orm\hibernate-core\6.6.33.Final\hibernate-core-6.6.33.Final.jar;C:\Users\ASUS\.m2\repository\jakarta\persistence\jakarta.persistence-api\3.1.0\jakarta.persistence-api-3.1.0.jar;C:\Users\ASUS\.m2\repository\jakarta\transaction\jakarta.transaction-api\2.0.1\jakarta.transaction-api-2.0.1.jar;C:\Users\ASUS\.m2\repository\org\jboss\logging\jboss-logging\3.6.1.Final\jboss-logging-3.6.1.Final.jar;C:\Users\ASUS\.m2\repository\org\hibernate\common\hibernate-commons-annotations\7.0.3.Final\hibernate-commons-annotations-7.0.3.Final.jar;C:\Users\ASUS\.m2\repository\io\smallrye\jandex\3.2.0\jandex-3.2.0.jar;C:\Users\ASUS\.m2\repository\com\fasterxml\classmate\1.7.1\classmate-1.7.1.jar;C:\Users\ASUS\.m2\repository\net\bytebuddy\byte-buddy\1.17.8\byte-buddy-1.17.8.jar;C:\Users\ASUS\.m2\repository\org\glassfish\jaxb\jaxb-runtime\4.0.6\jaxb-runtime-4.0.6.jar;C:\Users\ASUS\.m2\repository\org\glassfish\jaxb\jaxb-core\4.0.6\jaxb-core-4.0.6.jar;C:\Users\ASUS\.m2\repository\org\eclipse\angus\angus-activation\2.0.3\angus-activation-2.0.3.jar;C:\Users\ASUS\.m2\repository\org\glassfish\jaxb\txw2\4.0.6\txw2-4.0.6.jar;C:\Users\ASUS\.m2\repository\com\sun\istack\istack-commons-runtime\4.1.2\istack-commons-runtime-4.1.2.jar;C:\Users\ASUS\.m2\repository\jakarta\inject\jakarta.inject-api\2.0.1\jakarta.inject-api-2.0.1.jar;C:\Users\ASUS\.m2\repository\org\antlr\antlr4-runtime\4.13.0\antlr4-runtime-4.13.0.jar;C:\Users\ASUS\.m2\repository\org\springframework\data\spring-data-jpa\3.5.5\spring-data-jpa-3.5.5.jar;C:\Users\ASUS\.m2\repository\org\springframework\data\spring-data-commons\3.5.5\spring-data-commons-3.5.5.jar;C:\Users\ASUS\.m2\repository\org\springframework\spring-orm\6.2.12\spring-orm-6.2.12.jar;C:\Users\ASUS\.m2\repository\org\springframework\spring-context\6.2.12\spring-context-6.2.12.jar;C:\Users\ASUS\.m2\repository\org\springframework\spring-tx\6.2.12\spring-tx-6.2.12.jar;C:\Users\ASUS\.m2\repository\org\springframework\spring-beans\6.2.12\spring-beans-6.2.12.jar;C:\Users\ASUS\.m2\repository\org\springframework\spring-aspects\6.2.12\spring-aspects-6.2.12.jar;C:\Users\ASUS\.m2\repository\org\aspectj\aspectjweaver\1.9.24\aspectjweaver-1.9.24.jar;C:\Users\ASUS\.m2\repository\org\springframework\boot\spring-boot-starter-security\3.5.7\spring-boot-starter-security-3.5.7.jar;C:\Users\ASUS\.m2\repository\org\springframework\spring-aop\6.2.12\spring-aop-6.2.12.jar;C:\Users\ASUS\.m2\repository\org\springframework\security\spring-security-config\6.5.6\spring-security-config-6.5.6.jar;C:\Users\ASUS\.m2\repository\org\springframework\security\spring-security-web\6.5.6\spring-security-web-6.5.6.jar;C:\Users\ASUS\.m2\repository\org\springframework\spring-expression\6.2.12\spring-expression-6.2.12.jar;C:\Users\ASUS\.m2\repository\org\springframework\boot\spring-boot-starter-thymeleaf\3.5.7\spring-boot-starter-thymeleaf-3.5.7.jar;C:\Users\ASUS\.m2\repository\org\thymeleaf\thymeleaf-spring6\3.1.3.RELEASE\thymeleaf-spring6-3.1.3.RELEASE.jar;C:\Users\ASUS\.m2\repository\org\thymeleaf\thymeleaf\3.1.3.RELEASE\thymeleaf-3.1.3.RELEASE.jar;C:\Users\ASUS\.m2\repository\org\attoparser\attoparser\2.0.7.RELEASE\attoparser-2.0.7.RELEASE.jar;C:\Users\ASUS\.m2\repository\org\unbescape\unbescape\1.1.6.RELEASE\unbescape-1.1.6.RELEASE.jar;C:\Users\ASUS\.m2\repository\org\springframework\boot\spring-boot-starter-validation\3.5.7\spring-boot-starter-validation-3.5.7.jar;C:\Users\ASUS\.m2\repository\org\apache\tomcat\embed\tomcat-embed-el\10.1.48\tomcat-embed-el-10.1.48.jar;C:\Users\ASUS\.m2\repository\org\hibernate\validator\hibernate-validator\8.0.3.Final\hibernate-validator-8.0.3.Final.jar;C:\Users\ASUS\.m2\repository\jakarta\validation\jakarta.validation-api\3.0.2\jakarta.validation-api-3.0.2.jar;C:\Users\ASUS\.m2\repository\org\springframework\boot\spring-boot-starter-web\3.5.7\spring-boot-starter-web-3.5.7.jar;C:\Users\ASUS\.m2\repository\org\springframework\boot\spring-boot-starter-json\3.5.7\spring-boot-starter-json-3.5.7.jar;C:\Users\ASUS\.m2\repository\com\fasterxml\jackson\core\jackson-databind\2.19.2\jackson-databind-2.19.2.jar;C:\Users\ASUS\.m2\repository\com\fasterxml\jackson\core\jackson-annotations\2.19.2\jackson-annotations-2.19.2.jar;C:\Users\ASUS\.m2\repository\com\fasterxml\jackson\core\jackson-core\2.19.2\jackson-core-2.19.2.jar;C:\Users\ASUS\.m2\repository\com\fasterxml\jackson\datatype\jackson-datatype-jdk8\2.19.2\jackson-datatype-jdk8-2.19.2.jar;C:\Users\ASUS\.m2\repository\com\fasterxml\jackson\datatype\jackson-datatype-jsr310\2.19.2\jackson-datatype-jsr310-2.19.2.jar;C:\Users\ASUS\.m2\repository\com\fasterxml\jackson\module\jackson-module-parameter-names\2.19.2\jackson-module-parameter-names-2.19.2.jar;C:\Users\ASUS\.m2\repository\org\springframework\boot\spring-boot-starter-tomcat\3.5.7\spring-boot-starter-tomcat-3.5.7.jar;C:\Users\ASUS\.m2\repository\org\apache\tomcat\embed\tomcat-embed-core\10.1.48\tomcat-embed-core-10.1.48.jar;C:\Users\ASUS\.m2\repository\org\apache\tomcat\embed\tomcat-embed-websocket\10.1.48\tomcat-embed-websocket-10.1.48.jar;C:\Users\ASUS\.m2\repository\org\springframework\spring-web\6.2.12\spring-web-6.2.12.jar;C:\Users\ASUS\.m2\repository\io\micrometer\micrometer-observation\1.15.5\micrometer-observation-1.15.5.jar;C:\Users\ASUS\.m2\repository\io\micrometer\micrometer-commons\1.15.5\micrometer-commons-1.15.5.jar;C:\Users\ASUS\.m2\repository\org\springframework\spring-webmvc\6.2.12\spring-webmvc-6.2.12.jar;C:\Users\ASUS\.m2\repository\org\thymeleaf\extras\thymeleaf-extras-springsecurity6\3.1.3.RELEASE\thymeleaf-extras-springsecurity6-3.1.3.RELEASE.jar;C:\Users\ASUS\.m2\repository\org\slf4j\slf4j-api\2.0.17\slf4j-api-2.0.17.jar;C:\Users\ASUS\.m2\repository\org\springframework\boot\spring-boot-devtools\3.5.7\spring-boot-devtools-3.5.7.jar;C:\Users\ASUS\.m2\repository\org\springframework\boot\spring-boot\3.5.7\spring-boot-3.5.7.jar;C:\Users\ASUS\.m2\repository\org\springframework\boot\spring-boot-autoconfigure\3.5.7\spring-boot-autoconfigure-3.5.7.jar;C:\Users\ASUS\.m2\repository\com\mysql\mysql-connector-j\9.4.0\mysql-connector-j-9.4.0.jar;C:\Users\ASUS\.m2\repository\org\projectlombok\lombok\1.18.42\lombok-1.18.42.jar;C:\Users\ASUS\.m2\repository\jakarta\xml\bind\jakarta.xml.bind-api\4.0.4\jakarta.xml.bind-api-4.0.4.jar;C:\Users\ASUS\.m2\repository\jakarta\activation\jakarta.activation-api\2.1.4\jakarta.activation-api-2.1.4.jar;C:\Users\ASUS\.m2\repository\org\springframework\spring-core\6.2.12\spring-core-6.2.12.jar;C:\Users\ASUS\.m2\repository\org\springframework\spring-jcl\6.2.12\spring-jcl-6.2.12.jar;C:\Users\ASUS\.m2\repository\org\springframework\security\spring-security-core\6.5.6\spring-security-core-6.5.6.jar;C:\Users\ASUS\.m2\repository\org\springframework\security\spring-security-crypto\6.5.6\spring-security-crypto-6.5.6.jar
Launcher Type: SUN_STANDARD

[Global flags]
     intx CICompilerCount                          = 4                                         {product} {ergonomic}
     uint ConcGCThreads                            = 2                                         {product} {ergonomic}
     uint G1ConcRefinementThreads                  = 8                                         {product} {ergonomic}
   size_t G1HeapRegionSize                         = 1048576                                   {product} {ergonomic}
    uintx GCDrainStackTargetSize                   = 64                                        {product} {ergonomic}
   size_t InitialHeapSize                          = 130023424                                 {product} {ergonomic}
     bool ManagementServer                         = true                                      {product} {command line}
   size_t MarkStackSize                            = 4194304                                   {product} {ergonomic}
   size_t MaxHeapSize                              = 2080374784                                {product} {ergonomic}
   size_t MaxNewSize                               = 1247805440                                {product} {ergonomic}
   size_t MinHeapDeltaBytes                        = 1048576                                   {product} {ergonomic}
   size_t MinHeapSize                              = 8388608                                   {product} {ergonomic}
    uintx NonNMethodCodeHeapSize                   = 4096                                   {pd product} {ergonomic}
    uintx NonProfiledCodeHeapSize                  = 0                                      {pd product} {ergonomic}
     bool ProfileInterpreter                       = false                                  {pd product} {command line}
    uintx ProfiledCodeHeapSize                     = 0                                      {pd product} {ergonomic}
     bool ShowCodeDetailsInExceptionMessages       = true                                   {manageable} {command line}
   size_t SoftMaxHeapSize                          = 2080374784                             {manageable} {ergonomic}
     intx TieredStopAtLevel                        = 1                                         {product} {command line}
     bool UseCompressedOops                        = true                           {product lp64_product} {ergonomic}
     bool UseG1GC                                  = true                                      {product} {ergonomic}
     bool UseLargePagesIndividualAllocation        = false                                  {pd product} {ergonomic}

Logging:
Log output configuration:
 #0: stdout all=warning uptime,level,tags foldmultilines=false
 #1: stderr all=off uptime,level,tags foldmultilines=false

Environment Variables:
JAVA_HOME=C:\Program Files\Java\jdk-21
PATH=C:\Python312\Scripts\;C:\Python312\;C:\Program Files\Common Files\Oracle\Java\javapath;C:\WINDOWS\system32;C:\WINDOWS;C:\WINDOWS\System32\Wbem;C:\WINDOWS\System32\WindowsPowerShell\v1.0\;C:\WINDOWS\System32\OpenSSH\;C:\Users\ASUS\AppData\Local\Pub\Cache\bin;C:\Program Files\MySQL\MySQL Server 8.0\bin;C:\Users\ASUS\Downloads\dartsdk-windows-x64-release\dart-sdk\bin;C:\Program Files\Java\jdk-21bin;C:\Program Files\Java\jdk-21\bin;C:\Users\ASUS\Downloads\mongosh-2.1.1-win32-x64\mongosh-2.1.1-win32-x64\bin;C:\Program Files\apache-maven-3.9.6\bin;C:\ProgramData\chocolatey\bin;C:\Program Files\nodejs\;C:\Program Files\Git\cmd;D:\gradle-8.5\bin;C:\Program Files\Docker\Docker\resources\bin;C:\Program Files\Microsoft VS Code\bin;C:\Program Files (x86)\Windows Kits\10\Windows Performance Toolkit\;C:\Program Files\MongoDB\Server\8.0\bin;C:\Users\ASUS\.console-ninja\.bin;C:\Program Files\MySQL\MySQL Shell 8.0\bin\;C:\Users\ASUS\AppData\Local\Microsoft\WindowsApps;C:\Users\ASUS\AppData\Local\Programs\Microsoft VS Code\bin;C:\Users\ASUS\flutter\bin;C:\Users\ASUS\AppData\Local\Pub\Cache\bin;C:\Program Files\Android\gradle-7.6\bin;C:\dart-sdk\bin;C:\Program Files\Java\jdk-21;C:\Program Files\Java\jdk-21\bin;C:\Users\ASUS\AppData\Roaming\npm;D:\gradle-8.5\bin;C:\Users\ASUS\AppData\Local\Programs\mongosh\;D:\;;C:\Users\ASUS\AppData\Local\Microsoft\WindowsApps
USERNAME=ASUS
OS=Windows_NT
PROCESSOR_IDENTIFIER=Intel64 Family 6 Model 126 Stepping 5, GenuineIntel
TMP=C:\Users\ASUS\AppData\Local\Temp
TEMP=C:\Users\ASUS\AppData\Local\Temp




Periodic native trim disabled

---------------  S Y S T E M  ---------------

OS:
 Windows 11 , 64 bit Build 26100 (10.0.26100.7019)
OS uptime: 4 days 0:32 hours
Hyper-V role detected

CPU: total 8 (initial active 8) (4 cores per cpu, 2 threads per core) family 6 model 126 stepping 5 microcode 0xa6, cx8, cmov, fxsr, ht, mmx, 3dnowpref, sse, sse2, sse3, ssse3, sse4.1, sse4.2, popcnt, lzcnt, tsc, tscinvbit, avx, avx2, aes, erms, clmul, bmi1, bmi2, adx, avx512f, avx512dq, avx512cd, avx512bw, avx512vl, sha, fma, vzeroupper, avx512_vpopcntdq, avx512_vpclmulqdq, avx512_vaes, avx512_vnni, clflush, clflushopt, avx512_vbmi2, avx512_vbmi, hv, rdtscp, rdpid, fsrm, gfni, avx512_bitalg, f16c, avx512_ifma
Processor Information for all 8 processors :
  Max Mhz: 1201, Current Mhz: 1201, Mhz Limit: 1201

Memory: 4k page, system-wide physical 7930M (703M free)
TotalPageFile size 22266M (AvailPageFile size 8262M)
current process WorkingSet (physical memory assigned to process): 238M, peak: 268M
current process commit charge ("private bytes"): 325M, peak: 339M

vm_info: Java HotSpot(TM) 64-Bit Server VM (21.0.1+12-LTS-29) for windows-amd64 JRE (21.0.1+12-LTS-29), built on 2023-10-05T13:27:09Z by "mach5one" with MS VC++ 17.1 (VS2022)

END.
